[2016-12-01 06:27:06] DEBUG [django.db.backends:90] (0.000) 
            SELECT name, type FROM sqlite_master
            WHERE type in ('table', 'view') AND NOT name='sqlite_sequence'
            ORDER BY name; args=None
[2016-12-01 06:27:06] DEBUG [django.db.backends:90] (0.000) SELECT "django_migrations"."app", "django_migrations"."name" FROM "django_migrations"; args=()
[2016-12-01 06:27:25] DEBUG [django.db.backends:90] (0.000) 
            SELECT name, type FROM sqlite_master
            WHERE type in ('table', 'view') AND NOT name='sqlite_sequence'
            ORDER BY name; args=None
[2016-12-01 06:27:25] DEBUG [django.db.backends:90] (0.000) SELECT "django_migrations"."app", "django_migrations"."name" FROM "django_migrations"; args=()
[2016-12-01 06:27:25] DEBUG [django.db.backends:90] (0.000) 
            SELECT name, type FROM sqlite_master
            WHERE type in ('table', 'view') AND NOT name='sqlite_sequence'
            ORDER BY name; args=None
[2016-12-01 06:27:25] DEBUG [django.db.backends:90] (0.000) SELECT "django_migrations"."app", "django_migrations"."name" FROM "django_migrations"; args=()
[2016-12-01 06:27:25] DEBUG [django.db.backends:90] (0.000) 
            SELECT name, type FROM sqlite_master
            WHERE type in ('table', 'view') AND NOT name='sqlite_sequence'
            ORDER BY name; args=None
[2016-12-01 06:27:25] DEBUG [django.db.backends:90] (0.000) SELECT "django_migrations"."app", "django_migrations"."name" FROM "django_migrations"; args=()
[2016-12-01 06:27:25] DEBUG [django.db.backends:90] (0.000) SELECT "django_content_type"."id", "django_content_type"."app_label", "django_content_type"."model" FROM "django_content_type" WHERE ("django_content_type"."model" = 'logentry' AND "django_content_type"."app_label" = 'admin'); args=('logentry', 'admin')
[2016-12-01 06:27:26] DEBUG [django.db.backends:90] (0.000) SELECT "auth_permission"."content_type_id", "auth_permission"."codename" FROM "auth_permission" INNER JOIN "django_content_type" ON ("auth_permission"."content_type_id" = "django_content_type"."id") WHERE "auth_permission"."content_type_id" IN (1) ORDER BY "django_content_type"."app_label" ASC, "django_content_type"."model" ASC, "auth_permission"."codename" ASC; args=(1,)
[2016-12-01 06:27:26] DEBUG [django.db.backends:90] (0.000) SELECT "django_content_type"."id", "django_content_type"."app_label", "django_content_type"."model" FROM "django_content_type" WHERE "django_content_type"."app_label" = 'admin'; args=('admin',)
[2016-12-01 06:27:26] DEBUG [django.db.backends:90] (0.000) SELECT "django_content_type"."id", "django_content_type"."app_label", "django_content_type"."model" FROM "django_content_type" WHERE ("django_content_type"."model" = 'permission' AND "django_content_type"."app_label" = 'auth'); args=('permission', 'auth')
[2016-12-01 06:27:26] DEBUG [django.db.backends:90] (0.000) SELECT "django_content_type"."id", "django_content_type"."app_label", "django_content_type"."model" FROM "django_content_type" WHERE ("django_content_type"."model" = 'group' AND "django_content_type"."app_label" = 'auth'); args=('group', 'auth')
[2016-12-01 06:27:26] DEBUG [django.db.backends:90] (0.000) SELECT "auth_permission"."content_type_id", "auth_permission"."codename" FROM "auth_permission" INNER JOIN "django_content_type" ON ("auth_permission"."content_type_id" = "django_content_type"."id") WHERE "auth_permission"."content_type_id" IN (2, 3) ORDER BY "django_content_type"."app_label" ASC, "django_content_type"."model" ASC, "auth_permission"."codename" ASC; args=(2, 3)
[2016-12-01 06:27:26] DEBUG [django.db.backends:90] (0.000) SELECT "django_content_type"."id", "django_content_type"."app_label", "django_content_type"."model" FROM "django_content_type" WHERE "django_content_type"."app_label" = 'auth'; args=('auth',)
[2016-12-01 06:27:26] DEBUG [django.db.backends:90] (0.000) SELECT "django_content_type"."id", "django_content_type"."app_label", "django_content_type"."model" FROM "django_content_type" WHERE ("django_content_type"."model" = 'contenttype' AND "django_content_type"."app_label" = 'contenttypes'); args=('contenttype', 'contenttypes')
[2016-12-01 06:27:26] DEBUG [django.db.backends:90] (0.000) SELECT "auth_permission"."content_type_id", "auth_permission"."codename" FROM "auth_permission" INNER JOIN "django_content_type" ON ("auth_permission"."content_type_id" = "django_content_type"."id") WHERE "auth_permission"."content_type_id" IN (4) ORDER BY "django_content_type"."app_label" ASC, "django_content_type"."model" ASC, "auth_permission"."codename" ASC; args=(4,)
[2016-12-01 06:27:26] DEBUG [django.db.backends:90] (0.000) SELECT "django_content_type"."id", "django_content_type"."app_label", "django_content_type"."model" FROM "django_content_type" WHERE "django_content_type"."app_label" = 'contenttypes'; args=('contenttypes',)
[2016-12-01 06:27:26] DEBUG [django.db.backends:90] (0.000) SELECT "django_content_type"."id", "django_content_type"."app_label", "django_content_type"."model" FROM "django_content_type" WHERE ("django_content_type"."model" = 'session' AND "django_content_type"."app_label" = 'sessions'); args=('session', 'sessions')
[2016-12-01 06:27:26] DEBUG [django.db.backends:90] (0.000) SELECT "auth_permission"."content_type_id", "auth_permission"."codename" FROM "auth_permission" INNER JOIN "django_content_type" ON ("auth_permission"."content_type_id" = "django_content_type"."id") WHERE "auth_permission"."content_type_id" IN (5) ORDER BY "django_content_type"."app_label" ASC, "django_content_type"."model" ASC, "auth_permission"."codename" ASC; args=(5,)
[2016-12-01 06:27:26] DEBUG [django.db.backends:90] (0.000) SELECT "django_content_type"."id", "django_content_type"."app_label", "django_content_type"."model" FROM "django_content_type" WHERE "django_content_type"."app_label" = 'sessions'; args=('sessions',)
[2016-12-01 06:27:26] DEBUG [django.db.backends:90] (0.000) SELECT "django_content_type"."id", "django_content_type"."app_label", "django_content_type"."model" FROM "django_content_type" WHERE ("django_content_type"."model" = 'corsmodel' AND "django_content_type"."app_label" = 'corsheaders'); args=('corsmodel', 'corsheaders')
[2016-12-01 06:27:26] DEBUG [django.db.backends:90] (0.000) SELECT "auth_permission"."content_type_id", "auth_permission"."codename" FROM "auth_permission" INNER JOIN "django_content_type" ON ("auth_permission"."content_type_id" = "django_content_type"."id") WHERE "auth_permission"."content_type_id" IN (6) ORDER BY "django_content_type"."app_label" ASC, "django_content_type"."model" ASC, "auth_permission"."codename" ASC; args=(6,)
[2016-12-01 06:27:26] DEBUG [django.db.backends:90] (0.000) SELECT "django_content_type"."id", "django_content_type"."app_label", "django_content_type"."model" FROM "django_content_type" WHERE "django_content_type"."app_label" = 'corsheaders'; args=('corsheaders',)
[2016-12-01 06:27:26] DEBUG [django.db.backends:90] (0.000) SELECT "django_content_type"."id", "django_content_type"."app_label", "django_content_type"."model" FROM "django_content_type" WHERE ("django_content_type"."model" = 'accesstoken' AND "django_content_type"."app_label" = 'oauth2_provider'); args=('accesstoken', 'oauth2_provider')
[2016-12-01 06:27:26] DEBUG [django.db.backends:90] (0.000) SELECT "django_content_type"."id", "django_content_type"."app_label", "django_content_type"."model" FROM "django_content_type" WHERE ("django_content_type"."model" = 'grant' AND "django_content_type"."app_label" = 'oauth2_provider'); args=('grant', 'oauth2_provider')
[2016-12-01 06:27:26] DEBUG [django.db.backends:90] (0.000) SELECT "django_content_type"."id", "django_content_type"."app_label", "django_content_type"."model" FROM "django_content_type" WHERE ("django_content_type"."model" = 'application' AND "django_content_type"."app_label" = 'oauth2_provider'); args=('application', 'oauth2_provider')
[2016-12-01 06:27:26] DEBUG [django.db.backends:90] (0.000) SELECT "django_content_type"."id", "django_content_type"."app_label", "django_content_type"."model" FROM "django_content_type" WHERE ("django_content_type"."model" = 'refreshtoken' AND "django_content_type"."app_label" = 'oauth2_provider'); args=('refreshtoken', 'oauth2_provider')
[2016-12-01 06:27:26] DEBUG [django.db.backends:90] (0.000) SELECT "auth_permission"."content_type_id", "auth_permission"."codename" FROM "auth_permission" INNER JOIN "django_content_type" ON ("auth_permission"."content_type_id" = "django_content_type"."id") WHERE "auth_permission"."content_type_id" IN (8, 9, 10, 7) ORDER BY "django_content_type"."app_label" ASC, "django_content_type"."model" ASC, "auth_permission"."codename" ASC; args=(8, 9, 10, 7)
[2016-12-01 06:27:26] DEBUG [django.db.backends:90] (0.000) SELECT "django_content_type"."id", "django_content_type"."app_label", "django_content_type"."model" FROM "django_content_type" WHERE "django_content_type"."app_label" = 'oauth2_provider'; args=('oauth2_provider',)
[2016-12-01 06:27:26] DEBUG [django.db.backends:90] (0.000) SELECT "django_content_type"."id", "django_content_type"."app_label", "django_content_type"."model" FROM "django_content_type" WHERE ("django_content_type"."model" = 'userhierarchypermission' AND "django_content_type"."app_label" = 'auths'); args=('userhierarchypermission', 'auths')
[2016-12-01 06:27:26] DEBUG [django.db.backends:90] (0.000) SELECT "django_content_type"."id", "django_content_type"."app_label", "django_content_type"."model" FROM "django_content_type" WHERE ("django_content_type"."model" = 'hierarchytype' AND "django_content_type"."app_label" = 'auths'); args=('hierarchytype', 'auths')
[2016-12-01 06:27:26] DEBUG [django.db.backends:90] (0.000) SELECT "django_content_type"."id", "django_content_type"."app_label", "django_content_type"."model" FROM "django_content_type" WHERE ("django_content_type"."model" = 'userhierarchygroup' AND "django_content_type"."app_label" = 'auths'); args=('userhierarchygroup', 'auths')
[2016-12-01 06:27:26] DEBUG [django.db.backends:90] (0.000) SELECT "django_content_type"."id", "django_content_type"."app_label", "django_content_type"."model" FROM "django_content_type" WHERE ("django_content_type"."model" = 'hierarchy' AND "django_content_type"."app_label" = 'auths'); args=('hierarchy', 'auths')
[2016-12-01 06:27:26] DEBUG [django.db.backends:90] (0.000) SELECT "django_content_type"."id", "django_content_type"."app_label", "django_content_type"."model" FROM "django_content_type" WHERE ("django_content_type"."model" = 'user' AND "django_content_type"."app_label" = 'auths'); args=('user', 'auths')
[2016-12-01 06:27:26] DEBUG [django.db.backends:90] (0.000) SELECT "django_content_type"."id", "django_content_type"."app_label", "django_content_type"."model" FROM "django_content_type" WHERE ("django_content_type"."model" = 'person' AND "django_content_type"."app_label" = 'auths'); args=('person', 'auths')
[2016-12-01 06:27:26] DEBUG [django.db.backends:90] (0.000) SELECT "django_content_type"."id", "django_content_type"."app_label", "django_content_type"."model" FROM "django_content_type" WHERE ("django_content_type"."model" = 'menu' AND "django_content_type"."app_label" = 'auths'); args=('menu', 'auths')
[2016-12-01 06:27:26] DEBUG [django.db.backends:90] (0.000) SELECT "auth_permission"."content_type_id", "auth_permission"."codename" FROM "auth_permission" INNER JOIN "django_content_type" ON ("auth_permission"."content_type_id" = "django_content_type"."id") WHERE "auth_permission"."content_type_id" IN (11, 12, 13, 14, 15, 16, 17) ORDER BY "django_content_type"."app_label" ASC, "django_content_type"."model" ASC, "auth_permission"."codename" ASC; args=(11, 12, 13, 14, 15, 16, 17)
[2016-12-01 06:27:26] DEBUG [django.db.backends:90] (0.000) SELECT "django_content_type"."id", "django_content_type"."app_label", "django_content_type"."model" FROM "django_content_type" WHERE "django_content_type"."app_label" = 'auths'; args=('auths',)
[2016-12-01 06:27:26] DEBUG [django.db.backends:90] (0.000) SELECT "django_content_type"."id", "django_content_type"."app_label", "django_content_type"."model" FROM "django_content_type" WHERE ("django_content_type"."model" = 'moto' AND "django_content_type"."app_label" = 'catalogo'); args=('moto', 'catalogo')
[2016-12-01 06:27:26] DEBUG [django.db.backends:90] (0.000) SELECT "django_content_type"."id", "django_content_type"."app_label", "django_content_type"."model" FROM "django_content_type" WHERE ("django_content_type"."model" = 'cliente' AND "django_content_type"."app_label" = 'catalogo'); args=('cliente', 'catalogo')
[2016-12-01 06:27:26] DEBUG [django.db.backends:90] (0.000) SELECT "django_content_type"."id", "django_content_type"."app_label", "django_content_type"."model" FROM "django_content_type" WHERE ("django_content_type"."model" = 'ejemplar' AND "django_content_type"."app_label" = 'catalogo'); args=('ejemplar', 'catalogo')
[2016-12-01 06:27:26] DEBUG [django.db.backends:90] (0.000) SELECT "django_content_type"."id", "django_content_type"."app_label", "django_content_type"."model" FROM "django_content_type" WHERE ("django_content_type"."model" = 'autor' AND "django_content_type"."app_label" = 'catalogo'); args=('autor', 'catalogo')
[2016-12-01 06:27:26] DEBUG [django.db.backends:90] (0.000) SELECT "django_content_type"."id", "django_content_type"."app_label", "django_content_type"."model" FROM "django_content_type" WHERE ("django_content_type"."model" = 'categoria' AND "django_content_type"."app_label" = 'catalogo'); args=('categoria', 'catalogo')
[2016-12-01 06:27:26] DEBUG [django.db.backends:90] (0.000) SELECT "django_content_type"."id", "django_content_type"."app_label", "django_content_type"."model" FROM "django_content_type" WHERE ("django_content_type"."model" = 'libro' AND "django_content_type"."app_label" = 'catalogo'); args=('libro', 'catalogo')
[2016-12-01 06:27:26] DEBUG [django.db.backends:90] (0.000) SELECT "django_content_type"."id", "django_content_type"."app_label", "django_content_type"."model" FROM "django_content_type" WHERE ("django_content_type"."model" = 'repuesto' AND "django_content_type"."app_label" = 'catalogo'); args=('repuesto', 'catalogo')
[2016-12-01 06:27:26] DEBUG [django.db.backends:90] (0.000) SELECT "django_content_type"."id", "django_content_type"."app_label", "django_content_type"."model" FROM "django_content_type" WHERE ("django_content_type"."model" = 'motor' AND "django_content_type"."app_label" = 'catalogo'); args=('motor', 'catalogo')
[2016-12-01 06:27:26] DEBUG [django.db.backends:90] (0.000) SELECT "auth_permission"."content_type_id", "auth_permission"."codename" FROM "auth_permission" INNER JOIN "django_content_type" ON ("auth_permission"."content_type_id" = "django_content_type"."id") WHERE "auth_permission"."content_type_id" IN (18, 19, 20, 21, 22, 23, 24, 25) ORDER BY "django_content_type"."app_label" ASC, "django_content_type"."model" ASC, "auth_permission"."codename" ASC; args=(18, 19, 20, 21, 22, 23, 24, 25)
[2016-12-01 06:27:26] DEBUG [django.db.backends:90] (0.000) SELECT "django_content_type"."id", "django_content_type"."app_label", "django_content_type"."model" FROM "django_content_type" WHERE "django_content_type"."app_label" = 'catalogo'; args=('catalogo',)
[2016-12-01 06:31:43] DEBUG [django.db.backends:90] (0.000) 
            SELECT name, type FROM sqlite_master
            WHERE type in ('table', 'view') AND NOT name='sqlite_sequence'
            ORDER BY name; args=None
[2016-12-01 06:31:43] DEBUG [django.db.backends:90] (0.000) SELECT "django_migrations"."app", "django_migrations"."name" FROM "django_migrations"; args=()
[2016-12-01 06:32:50] DEBUG [django.db.backends:90] (0.002) SELECT "oauth2_provider_accesstoken"."id", "oauth2_provider_accesstoken"."user_id", "oauth2_provider_accesstoken"."token", "oauth2_provider_accesstoken"."application_id", "oauth2_provider_accesstoken"."expires", "oauth2_provider_accesstoken"."scope", "auths_user"."password", "auths_user"."last_login", "auths_user"."is_superuser", "auths_user"."username", "auths_user"."first_name", "auths_user"."last_name", "auths_user"."email", "auths_user"."is_staff", "auths_user"."is_active", "auths_user"."date_joined", "auths_user"."id", "auths_user"."last_hierarchy_id", "auths_user"."last_module_id", "auths_user"."person_id", "auths_user"."updated_at", "auths_user"."registered_by", "oauth2_provider_application"."id", "oauth2_provider_application"."client_id", "oauth2_provider_application"."user_id", "oauth2_provider_application"."redirect_uris", "oauth2_provider_application"."client_type", "oauth2_provider_application"."authorization_grant_type", "oauth2_provider_application"."client_secret", "oauth2_provider_application"."name", "oauth2_provider_application"."skip_authorization" FROM "oauth2_provider_accesstoken" LEFT OUTER JOIN "auths_user" ON ("oauth2_provider_accesstoken"."user_id" = "auths_user"."id") INNER JOIN "oauth2_provider_application" ON ("oauth2_provider_accesstoken"."application_id" = "oauth2_provider_application"."id") WHERE "oauth2_provider_accesstoken"."token" = 'k6NobOfHCeW8VS4bWQmyUUV3yFdvIL'; args=('k6NobOfHCeW8VS4bWQmyUUV3yFdvIL',)
[2016-12-01 06:32:50] DEBUG [django.db.backends:90] (0.002) SELECT "oauth2_provider_accesstoken"."id", "oauth2_provider_accesstoken"."user_id", "oauth2_provider_accesstoken"."token", "oauth2_provider_accesstoken"."application_id", "oauth2_provider_accesstoken"."expires", "oauth2_provider_accesstoken"."scope", "auths_user"."password", "auths_user"."last_login", "auths_user"."is_superuser", "auths_user"."username", "auths_user"."first_name", "auths_user"."last_name", "auths_user"."email", "auths_user"."is_staff", "auths_user"."is_active", "auths_user"."date_joined", "auths_user"."id", "auths_user"."last_hierarchy_id", "auths_user"."last_module_id", "auths_user"."person_id", "auths_user"."updated_at", "auths_user"."registered_by", "oauth2_provider_application"."id", "oauth2_provider_application"."client_id", "oauth2_provider_application"."user_id", "oauth2_provider_application"."redirect_uris", "oauth2_provider_application"."client_type", "oauth2_provider_application"."authorization_grant_type", "oauth2_provider_application"."client_secret", "oauth2_provider_application"."name", "oauth2_provider_application"."skip_authorization" FROM "oauth2_provider_accesstoken" LEFT OUTER JOIN "auths_user" ON ("oauth2_provider_accesstoken"."user_id" = "auths_user"."id") INNER JOIN "oauth2_provider_application" ON ("oauth2_provider_accesstoken"."application_id" = "oauth2_provider_application"."id") WHERE "oauth2_provider_accesstoken"."token" = 'k6NobOfHCeW8VS4bWQmyUUV3yFdvIL'; args=('k6NobOfHCeW8VS4bWQmyUUV3yFdvIL',)
[2016-12-01 06:32:50] DEBUG [django.db.backends:90] (0.008) SELECT "auths_menu"."id" FROM "auths_menu" WHERE ("auths_menu"."id" IS NOT NULL AND "auths_menu"."is_active" = 1 AND "auths_menu"."module" = 'BACKEND') ORDER BY "auths_menu"."pos" ASC; args=(True, 'BACKEND')
[2016-12-01 06:32:50] DEBUG [django.db.backends:90] (0.001) SELECT "auth_group"."id", "auth_group"."name" FROM "auth_group" INNER JOIN "auths_user_groups" ON ("auth_group"."id" = "auths_user_groups"."group_id") WHERE "auths_user_groups"."user_id" = 'f008d68e00524d18aa9ed8ca28530969'; args=('f008d68e00524d18aa9ed8ca28530969',)
[2016-12-01 06:32:50] DEBUG [django.db.backends:90] (0.001) SELECT (1) AS "a" FROM "django_session" WHERE "django_session"."session_key" = 'ld6gh8ng9vywiqcgkzw8o1lrzl3ldpoq' LIMIT 1; args=('ld6gh8ng9vywiqcgkzw8o1lrzl3ldpoq',)
[2016-12-01 06:32:50] DEBUG [django.db.backends:90] (0.000) BEGIN; args=None
[2016-12-01 06:32:50] DEBUG [django.db.backends:90] (0.005) SELECT "auth_permission"."id", "auth_permission"."name", "auth_permission"."content_type_id", "auth_permission"."codename" FROM "auth_permission" INNER JOIN "auths_user_user_permissions" ON ("auth_permission"."id" = "auths_user_user_permissions"."permission_id") INNER JOIN "django_content_type" ON ("auth_permission"."content_type_id" = "django_content_type"."id") WHERE "auths_user_user_permissions"."user_id" = 'f008d68e00524d18aa9ed8ca28530969' ORDER BY "django_content_type"."app_label" ASC, "django_content_type"."model" ASC, "auth_permission"."codename" ASC; args=('f008d68e00524d18aa9ed8ca28530969',)
[2016-12-01 06:32:50] DEBUG [django.db.backends:90] (0.001) INSERT INTO "django_session" ("session_key", "session_data", "expire_date") SELECT 'ld6gh8ng9vywiqcgkzw8o1lrzl3ldpoq', 'NmE3M2Q3NmYwOTU3YjJmZDBjYmQxYTVjODc5MTExNzM3NjY1YzYzNzp7Il9zZXNzaW9uX2V4cGlyeSI6MzB9', '2016-12-01 12:33:20.201237'; args=('ld6gh8ng9vywiqcgkzw8o1lrzl3ldpoq', 'NmE3M2Q3NmYwOTU3YjJmZDBjYmQxYTVjODc5MTExNzM3NjY1YzYzNzp7Il9zZXNzaW9uX2V4cGlyeSI6MzB9', '2016-12-01 12:33:20.201237')
[2016-12-01 06:32:50] INFO [django.server:131] "GET /api/auths/localuserinfo/ HTTP/1.1" 200 496
[2016-12-01 06:32:50] INFO [django.server:131] "GET /api/auths/usermenu/ HTTP/1.1" 200 11
[2016-12-01 06:32:50] DEBUG [django.db.backends:90] (0.114) SELECT "oauth2_provider_accesstoken"."id", "oauth2_provider_accesstoken"."user_id", "oauth2_provider_accesstoken"."token", "oauth2_provider_accesstoken"."application_id", "oauth2_provider_accesstoken"."expires", "oauth2_provider_accesstoken"."scope", "auths_user"."password", "auths_user"."last_login", "auths_user"."is_superuser", "auths_user"."username", "auths_user"."first_name", "auths_user"."last_name", "auths_user"."email", "auths_user"."is_staff", "auths_user"."is_active", "auths_user"."date_joined", "auths_user"."id", "auths_user"."last_hierarchy_id", "auths_user"."last_module_id", "auths_user"."person_id", "auths_user"."updated_at", "auths_user"."registered_by", "oauth2_provider_application"."id", "oauth2_provider_application"."client_id", "oauth2_provider_application"."user_id", "oauth2_provider_application"."redirect_uris", "oauth2_provider_application"."client_type", "oauth2_provider_application"."authorization_grant_type", "oauth2_provider_application"."client_secret", "oauth2_provider_application"."name", "oauth2_provider_application"."skip_authorization" FROM "oauth2_provider_accesstoken" LEFT OUTER JOIN "auths_user" ON ("oauth2_provider_accesstoken"."user_id" = "auths_user"."id") INNER JOIN "oauth2_provider_application" ON ("oauth2_provider_accesstoken"."application_id" = "oauth2_provider_application"."id") WHERE "oauth2_provider_accesstoken"."token" = 'k6NobOfHCeW8VS4bWQmyUUV3yFdvIL'; args=('k6NobOfHCeW8VS4bWQmyUUV3yFdvIL',)
[2016-12-01 06:32:50] DEBUG [django.db.backends:90] (0.000) SELECT "catalogo_repuesto"."id", "catalogo_repuesto"."nombre", "catalogo_repuesto"."codigo", "catalogo_repuesto"."descripcion" FROM "catalogo_repuesto"; args=()
[2016-12-01 06:32:50] INFO [django.server:131] "GET /api/catalogo/repuesto/ HTTP/1.1" 200 118
[2016-12-01 06:33:15] DEBUG [django.db.backends:90] (0.001) SELECT "oauth2_provider_accesstoken"."id", "oauth2_provider_accesstoken"."user_id", "oauth2_provider_accesstoken"."token", "oauth2_provider_accesstoken"."application_id", "oauth2_provider_accesstoken"."expires", "oauth2_provider_accesstoken"."scope", "auths_user"."password", "auths_user"."last_login", "auths_user"."is_superuser", "auths_user"."username", "auths_user"."first_name", "auths_user"."last_name", "auths_user"."email", "auths_user"."is_staff", "auths_user"."is_active", "auths_user"."date_joined", "auths_user"."id", "auths_user"."last_hierarchy_id", "auths_user"."last_module_id", "auths_user"."person_id", "auths_user"."updated_at", "auths_user"."registered_by", "oauth2_provider_application"."id", "oauth2_provider_application"."client_id", "oauth2_provider_application"."user_id", "oauth2_provider_application"."redirect_uris", "oauth2_provider_application"."client_type", "oauth2_provider_application"."authorization_grant_type", "oauth2_provider_application"."client_secret", "oauth2_provider_application"."name", "oauth2_provider_application"."skip_authorization" FROM "oauth2_provider_accesstoken" LEFT OUTER JOIN "auths_user" ON ("oauth2_provider_accesstoken"."user_id" = "auths_user"."id") INNER JOIN "oauth2_provider_application" ON ("oauth2_provider_accesstoken"."application_id" = "oauth2_provider_application"."id") WHERE "oauth2_provider_accesstoken"."token" = 'k6NobOfHCeW8VS4bWQmyUUV3yFdvIL'; args=('k6NobOfHCeW8VS4bWQmyUUV3yFdvIL',)
[2016-12-01 06:33:15] DEBUG [django.db.backends:90] (0.001) SELECT COUNT(*) AS "__count" FROM "catalogo_autor"; args=()
[2016-12-01 06:33:15] DEBUG [django.db.backends:90] (0.001) SELECT "catalogo_autor"."id", "catalogo_autor"."nombre", "catalogo_autor"."direccion", "catalogo_autor"."fecha_nac", "catalogo_autor"."created_at", "catalogo_autor"."updated_at" FROM "catalogo_autor" LIMIT 1; args=()
[2016-12-01 06:33:15] INFO [django.server:131] "GET /api/catalogo/autors/ HTTP/1.1" 200 320
[2016-12-01 06:33:22] DEBUG [django.db.backends:90] (0.002) SELECT "oauth2_provider_accesstoken"."id", "oauth2_provider_accesstoken"."user_id", "oauth2_provider_accesstoken"."token", "oauth2_provider_accesstoken"."application_id", "oauth2_provider_accesstoken"."expires", "oauth2_provider_accesstoken"."scope", "auths_user"."password", "auths_user"."last_login", "auths_user"."is_superuser", "auths_user"."username", "auths_user"."first_name", "auths_user"."last_name", "auths_user"."email", "auths_user"."is_staff", "auths_user"."is_active", "auths_user"."date_joined", "auths_user"."id", "auths_user"."last_hierarchy_id", "auths_user"."last_module_id", "auths_user"."person_id", "auths_user"."updated_at", "auths_user"."registered_by", "oauth2_provider_application"."id", "oauth2_provider_application"."client_id", "oauth2_provider_application"."user_id", "oauth2_provider_application"."redirect_uris", "oauth2_provider_application"."client_type", "oauth2_provider_application"."authorization_grant_type", "oauth2_provider_application"."client_secret", "oauth2_provider_application"."name", "oauth2_provider_application"."skip_authorization" FROM "oauth2_provider_accesstoken" LEFT OUTER JOIN "auths_user" ON ("oauth2_provider_accesstoken"."user_id" = "auths_user"."id") INNER JOIN "oauth2_provider_application" ON ("oauth2_provider_accesstoken"."application_id" = "oauth2_provider_application"."id") WHERE "oauth2_provider_accesstoken"."token" = 'k6NobOfHCeW8VS4bWQmyUUV3yFdvIL'; args=('k6NobOfHCeW8VS4bWQmyUUV3yFdvIL',)
[2016-12-01 06:33:22] DEBUG [django.db.backends:90] (0.001) SELECT "catalogo_moto"."id", "catalogo_moto"."nombre", "catalogo_moto"."tipo", "catalogo_moto"."motor", "catalogo_moto"."descripcion" FROM "catalogo_moto"; args=()
[2016-12-01 06:33:22] INFO [django.server:131] "GET /api/catalogo/moto/ HTTP/1.1" 200 478
[2016-12-01 06:33:23] DEBUG [django.db.backends:90] (0.001) SELECT "oauth2_provider_accesstoken"."id", "oauth2_provider_accesstoken"."user_id", "oauth2_provider_accesstoken"."token", "oauth2_provider_accesstoken"."application_id", "oauth2_provider_accesstoken"."expires", "oauth2_provider_accesstoken"."scope", "auths_user"."password", "auths_user"."last_login", "auths_user"."is_superuser", "auths_user"."username", "auths_user"."first_name", "auths_user"."last_name", "auths_user"."email", "auths_user"."is_staff", "auths_user"."is_active", "auths_user"."date_joined", "auths_user"."id", "auths_user"."last_hierarchy_id", "auths_user"."last_module_id", "auths_user"."person_id", "auths_user"."updated_at", "auths_user"."registered_by", "oauth2_provider_application"."id", "oauth2_provider_application"."client_id", "oauth2_provider_application"."user_id", "oauth2_provider_application"."redirect_uris", "oauth2_provider_application"."client_type", "oauth2_provider_application"."authorization_grant_type", "oauth2_provider_application"."client_secret", "oauth2_provider_application"."name", "oauth2_provider_application"."skip_authorization" FROM "oauth2_provider_accesstoken" LEFT OUTER JOIN "auths_user" ON ("oauth2_provider_accesstoken"."user_id" = "auths_user"."id") INNER JOIN "oauth2_provider_application" ON ("oauth2_provider_accesstoken"."application_id" = "oauth2_provider_application"."id") WHERE "oauth2_provider_accesstoken"."token" = 'k6NobOfHCeW8VS4bWQmyUUV3yFdvIL'; args=('k6NobOfHCeW8VS4bWQmyUUV3yFdvIL',)
[2016-12-01 06:33:23] DEBUG [django.db.backends:90] (0.000) SELECT "catalogo_repuesto"."id", "catalogo_repuesto"."nombre", "catalogo_repuesto"."codigo", "catalogo_repuesto"."descripcion" FROM "catalogo_repuesto"; args=()
[2016-12-01 06:33:23] INFO [django.server:131] "GET /api/catalogo/repuesto/ HTTP/1.1" 200 118
[2016-12-01 06:33:24] DEBUG [django.db.backends:90] (0.002) SELECT "oauth2_provider_accesstoken"."id", "oauth2_provider_accesstoken"."user_id", "oauth2_provider_accesstoken"."token", "oauth2_provider_accesstoken"."application_id", "oauth2_provider_accesstoken"."expires", "oauth2_provider_accesstoken"."scope", "auths_user"."password", "auths_user"."last_login", "auths_user"."is_superuser", "auths_user"."username", "auths_user"."first_name", "auths_user"."last_name", "auths_user"."email", "auths_user"."is_staff", "auths_user"."is_active", "auths_user"."date_joined", "auths_user"."id", "auths_user"."last_hierarchy_id", "auths_user"."last_module_id", "auths_user"."person_id", "auths_user"."updated_at", "auths_user"."registered_by", "oauth2_provider_application"."id", "oauth2_provider_application"."client_id", "oauth2_provider_application"."user_id", "oauth2_provider_application"."redirect_uris", "oauth2_provider_application"."client_type", "oauth2_provider_application"."authorization_grant_type", "oauth2_provider_application"."client_secret", "oauth2_provider_application"."name", "oauth2_provider_application"."skip_authorization" FROM "oauth2_provider_accesstoken" LEFT OUTER JOIN "auths_user" ON ("oauth2_provider_accesstoken"."user_id" = "auths_user"."id") INNER JOIN "oauth2_provider_application" ON ("oauth2_provider_accesstoken"."application_id" = "oauth2_provider_application"."id") WHERE "oauth2_provider_accesstoken"."token" = 'k6NobOfHCeW8VS4bWQmyUUV3yFdvIL'; args=('k6NobOfHCeW8VS4bWQmyUUV3yFdvIL',)
[2016-12-01 06:33:24] DEBUG [django.db.backends:90] (0.000) SELECT "catalogo_motor"."id", "catalogo_motor"."serie", "catalogo_motor"."tipoMotor", "catalogo_motor"."marca", "catalogo_motor"."descripcion" FROM "catalogo_motor"; args=()
[2016-12-01 06:33:24] INFO [django.server:131] "GET /api/catalogo/motor/ HTTP/1.1" 200 247
[2016-12-01 06:33:30] DEBUG [django.db.backends:90] (0.001) SELECT "django_session"."session_key", "django_session"."session_data", "django_session"."expire_date" FROM "django_session" WHERE ("django_session"."expire_date" > '2016-12-01 12:33:30.417026' AND "django_session"."session_key" = 'o5coaydikg2j2ss2jsebcm2odiuyjmdx'); args=('2016-12-01 12:33:30.417026', 'o5coaydikg2j2ss2jsebcm2odiuyjmdx')
[2016-12-01 06:33:30] DEBUG [django.db.backends:90] (0.000) SELECT "auths_user"."password", "auths_user"."last_login", "auths_user"."is_superuser", "auths_user"."username", "auths_user"."first_name", "auths_user"."last_name", "auths_user"."email", "auths_user"."is_staff", "auths_user"."is_active", "auths_user"."date_joined", "auths_user"."id", "auths_user"."last_hierarchy_id", "auths_user"."last_module_id", "auths_user"."person_id", "auths_user"."updated_at", "auths_user"."registered_by" FROM "auths_user" WHERE "auths_user"."id" = 'f008d68e00524d18aa9ed8ca28530969'; args=('f008d68e00524d18aa9ed8ca28530969',)
[2016-12-01 06:33:30] DEBUG [django.template:929] Exception while resolving variable 'is_popup' in template 'admin/index.html'.
Traceback (most recent call last):
  File "C:\Users\USER\AppData\Local\Programs\Python\Python35-32\lib\site-packages\django\template\base.py", line 885, in _resolve_lookup
    current = current[bit]
  File "C:\Users\USER\AppData\Local\Programs\Python\Python35-32\lib\site-packages\django\template\context.py", line 75, in __getitem__
    raise KeyError(key)
KeyError: 'is_popup'

During handling of the above exception, another exception occurred:

Traceback (most recent call last):
  File "C:\Users\USER\AppData\Local\Programs\Python\Python35-32\lib\site-packages\django\template\base.py", line 891, in _resolve_lookup
    if isinstance(current, BaseContext) and getattr(type(current), bit):
AttributeError: type object 'RequestContext' has no attribute 'is_popup'

During handling of the above exception, another exception occurred:

Traceback (most recent call last):
  File "C:\Users\USER\AppData\Local\Programs\Python\Python35-32\lib\site-packages\django\template\base.py", line 900, in _resolve_lookup
    current = current[int(bit)]
ValueError: invalid literal for int() with base 10: 'is_popup'

During handling of the above exception, another exception occurred:

Traceback (most recent call last):
  File "C:\Users\USER\AppData\Local\Programs\Python\Python35-32\lib\site-packages\django\template\base.py", line 907, in _resolve_lookup
    (bit, current))  # missing attribute
django.template.base.VariableDoesNotExist: Failed lookup for key [is_popup] in "[{'True': True, 'False': False, 'None': None}, {'perms': <django.contrib.auth.context_processors.PermWrapper object at 0x01000570>, 'csrf_token': <SimpleLazyObject: <function csrf.<locals>._get_val at 0x04C481E0>>, 'request': <WSGIRequest: GET '/admin/'>, 'user': <SimpleLazyObject: <User: admin>>, 'DEFAULT_MESSAGE_LEVELS': {'SUCCESS': 25, 'WARNING': 30, 'DEBUG': 10, 'INFO': 20, 'ERROR': 40}, 'messages': <django.contrib.messages.storage.fallback.FallbackStorage object at 0x04C69590>}, {}, {'site_header': <django.utils.functional.lazy.<locals>.__proxy__ object at 0x03A44ED0>, 'title': <django.utils.functional.lazy.<locals>.__proxy__ object at 0x03A44F30>, 'LANGUAGE_BIDI': False, 'site_url': '/', 'available_apps': [{'app_url': '/admin/auth/', 'name': <django.utils.functional.lazy.<locals>.__proxy__ object at 0x03A5BA10>, 'models': [{'object_name': 'Group', 'perms': {'change': True, 'delete': True, 'add': True}, 'admin_url': '/admin/auth/group/', 'name': <django.utils.functional.lazy.<locals>.__proxy__ object at 0x00C19FB0>, 'add_url': '/admin/auth/group/add/'}, {'object_name': 'Permission', 'perms': {'change': True, 'delete': True, 'add': True}, 'admin_url': '/admin/auth/permission/', 'name': <django.utils.functional.lazy.<locals>.__proxy__ object at 0x00C197D0>, 'add_url': '/admin/auth/permission/add/'}], 'app_label': 'auth', 'has_module_perms': True}, {'app_url': '/admin/auths/', 'name': 'Auths', 'models': [{'object_name': 'HierarchyType', 'perms': {'change': True, 'delete': True, 'add': True}, 'admin_url': '/admin/auths/hierarchytype/', 'name': <django.utils.functional.lazy.<locals>.__proxy__ object at 0x00C19890>, 'add_url': '/admin/auths/hierarchytype/add/'}, {'object_name': 'Hierarchy', 'perms': {'change': True, 'delete': True, 'add': True}, 'admin_url': '/admin/auths/hierarchy/', 'name': <django.utils.functional.lazy.<locals>.__proxy__ object at 0x00C19410>, 'add_url': '/admin/auths/hierarchy/add/'}, {'object_name': 'Menu', 'perms': {'change': True, 'delete': True, 'add': True}, 'admin_url': '/admin/auths/menu/', 'name': <django.utils.functional.lazy.<locals>.__proxy__ object at 0x00C19FD0>, 'add_url': '/admin/auths/menu/add/'}, {'object_name': 'Person', 'perms': {'change': True, 'delete': True, 'add': True}, 'admin_url': '/admin/auths/person/', 'name': <django.utils.functional.lazy.<locals>.__proxy__ object at 0x00C194D0>, 'add_url': '/admin/auths/person/add/'}, {'object_name': 'UserHierarchyGroup', 'perms': {'change': True, 'delete': True, 'add': True}, 'admin_url': '/admin/auths/userhierarchygroup/', 'name': <django.utils.functional.lazy.<locals>.__proxy__ object at 0x00C19F70>, 'add_url': '/admin/auths/userhierarchygroup/add/'}, {'object_name': 'UserHierarchyPermission', 'perms': {'change': True, 'delete': True, 'add': True}, 'admin_url': '/admin/auths/userhierarchypermission/', 'name': <django.utils.functional.lazy.<locals>.__proxy__ object at 0x00C19D50>, 'add_url': '/admin/auths/userhierarchypermission/add/'}, {'object_name': 'User', 'perms': {'change': True, 'delete': True, 'add': True}, 'admin_url': '/admin/auths/user/', 'name': <django.utils.functional.lazy.<locals>.__proxy__ object at 0x00C19A50>, 'add_url': '/admin/auths/user/add/'}], 'app_label': 'auths', 'has_module_perms': True}, {'app_url': '/admin/catalogo/', 'name': 'Catalogo', 'models': [{'object_name': 'Autor', 'perms': {'change': True, 'delete': True, 'add': True}, 'admin_url': '/admin/catalogo/autor/', 'name': 'Autores', 'add_url': '/admin/catalogo/autor/add/'}, {'object_name': 'Categoria', 'perms': {'change': True, 'delete': True, 'add': True}, 'admin_url': '/admin/catalogo/categoria/', 'name': 'Categorias', 'add_url': '/admin/catalogo/categoria/add/'}, {'object_name': 'Libro', 'perms': {'change': True, 'delete': True, 'add': True}, 'admin_url': '/admin/catalogo/libro/', 'name': 'Libros', 'add_url': '/admin/catalogo/libro/add/'}], 'app_label': 'catalogo', 'has_module_perms': True}, {'app_url': '/admin/contenttypes/', 'name': <django.utils.functional.lazy.<locals>.__proxy__ object at 0x03A5BB30>, 'models': [{'object_name': 'ContentType', 'perms': {'change': True, 'delete': True, 'add': True}, 'admin_url': '/admin/contenttypes/contenttype/', 'name': <django.utils.functional.lazy.<locals>.__proxy__ object at 0x00C19F50>, 'add_url': '/admin/contenttypes/contenttype/add/'}], 'app_label': 'contenttypes', 'has_module_perms': True}, {'app_url': '/admin/oauth2_provider/', 'name': 'Django OAuth Toolkit', 'models': [{'object_name': 'AccessToken', 'perms': {'change': True, 'delete': True, 'add': True}, 'admin_url': '/admin/oauth2_provider/accesstoken/', 'name': <django.utils.functional.lazy.<locals>.__proxy__ object at 0x00C19430>, 'add_url': '/admin/oauth2_provider/accesstoken/add/'}, {'object_name': 'Application', 'perms': {'change': True, 'delete': True, 'add': True}, 'admin_url': '/admin/oauth2_provider/application/', 'name': <django.utils.functional.lazy.<locals>.__proxy__ object at 0x00C19E50>, 'add_url': '/admin/oauth2_provider/application/add/'}, {'object_name': 'Grant', 'perms': {'change': True, 'delete': True, 'add': True}, 'admin_url': '/admin/oauth2_provider/grant/', 'name': <django.utils.functional.lazy.<locals>.__proxy__ object at 0x00C19650>, 'add_url': '/admin/oauth2_provider/grant/add/'}, {'object_name': 'RefreshToken', 'perms': {'change': True, 'delete': True, 'add': True}, 'admin_url': '/admin/oauth2_provider/refreshtoken/', 'name': <django.utils.functional.lazy.<locals>.__proxy__ object at 0x00C19F90>, 'add_url': '/admin/oauth2_provider/refreshtoken/add/'}], 'app_label': 'oauth2_provider', 'has_module_perms': True}], 'LANGUAGE_CODE': 'en-us', 'app_list': [{'app_url': '/admin/auth/', 'name': <django.utils.functional.lazy.<locals>.__proxy__ object at 0x03A5BA10>, 'models': [{'object_name': 'Group', 'perms': {'change': True, 'delete': True, 'add': True}, 'admin_url': '/admin/auth/group/', 'name': <django.utils.functional.lazy.<locals>.__proxy__ object at 0x00C03670>, 'add_url': '/admin/auth/group/add/'}, {'object_name': 'Permission', 'perms': {'change': True, 'delete': True, 'add': True}, 'admin_url': '/admin/auth/permission/', 'name': <django.utils.functional.lazy.<locals>.__proxy__ object at 0x00C037D0>, 'add_url': '/admin/auth/permission/add/'}], 'app_label': 'auth', 'has_module_perms': True}, {'app_url': '/admin/auths/', 'name': 'Auths', 'models': [{'object_name': 'HierarchyType', 'perms': {'change': True, 'delete': True, 'add': True}, 'admin_url': '/admin/auths/hierarchytype/', 'name': <django.utils.functional.lazy.<locals>.__proxy__ object at 0x00C03B10>, 'add_url': '/admin/auths/hierarchytype/add/'}, {'object_name': 'Hierarchy', 'perms': {'change': True, 'delete': True, 'add': True}, 'admin_url': '/admin/auths/hierarchy/', 'name': <django.utils.functional.lazy.<locals>.__proxy__ object at 0x00C03B70>, 'add_url': '/admin/auths/hierarchy/add/'}, {'object_name': 'Menu', 'perms': {'change': True, 'delete': True, 'add': True}, 'admin_url': '/admin/auths/menu/', 'name': <django.utils.functional.lazy.<locals>.__proxy__ object at 0x00C03090>, 'add_url': '/admin/auths/menu/add/'}, {'object_name': 'Person', 'perms': {'change': True, 'delete': True, 'add': True}, 'admin_url': '/admin/auths/person/', 'name': <django.utils.functional.lazy.<locals>.__proxy__ object at 0x00C038B0>, 'add_url': '/admin/auths/person/add/'}, {'object_name': 'UserHierarchyGroup', 'perms': {'change': True, 'delete': True, 'add': True}, 'admin_url': '/admin/auths/userhierarchygroup/', 'name': <django.utils.functional.lazy.<locals>.__proxy__ object at 0x047BEC50>, 'add_url': '/admin/auths/userhierarchygroup/add/'}, {'object_name': 'UserHierarchyPermission', 'perms': {'change': True, 'delete': True, 'add': True}, 'admin_url': '/admin/auths/userhierarchypermission/', 'name': <django.utils.functional.lazy.<locals>.__proxy__ object at 0x00C03930>, 'add_url': '/admin/auths/userhierarchypermission/add/'}, {'object_name': 'User', 'perms': {'change': True, 'delete': True, 'add': True}, 'admin_url': '/admin/auths/user/', 'name': <django.utils.functional.lazy.<locals>.__proxy__ object at 0x00C03DF0>, 'add_url': '/admin/auths/user/add/'}], 'app_label': 'auths', 'has_module_perms': True}, {'app_url': '/admin/catalogo/', 'name': 'Catalogo', 'models': [{'object_name': 'Autor', 'perms': {'change': True, 'delete': True, 'add': True}, 'admin_url': '/admin/catalogo/autor/', 'name': 'Autores', 'add_url': '/admin/catalogo/autor/add/'}, {'object_name': 'Categoria', 'perms': {'change': True, 'delete': True, 'add': True}, 'admin_url': '/admin/catalogo/categoria/', 'name': 'Categorias', 'add_url': '/admin/catalogo/categoria/add/'}, {'object_name': 'Libro', 'perms': {'change': True, 'delete': True, 'add': True}, 'admin_url': '/admin/catalogo/libro/', 'name': 'Libros', 'add_url': '/admin/catalogo/libro/add/'}], 'app_label': 'catalogo', 'has_module_perms': True}, {'app_url': '/admin/contenttypes/', 'name': <django.utils.functional.lazy.<locals>.__proxy__ object at 0x03A5BB30>, 'models': [{'object_name': 'ContentType', 'perms': {'change': True, 'delete': True, 'add': True}, 'admin_url': '/admin/contenttypes/contenttype/', 'name': <django.utils.functional.lazy.<locals>.__proxy__ object at 0x00C03C70>, 'add_url': '/admin/contenttypes/contenttype/add/'}], 'app_label': 'contenttypes', 'has_module_perms': True}, {'app_url': '/admin/oauth2_provider/', 'name': 'Django OAuth Toolkit', 'models': [{'object_name': 'AccessToken', 'perms': {'change': True, 'delete': True, 'add': True}, 'admin_url': '/admin/oauth2_provider/accesstoken/', 'name': <django.utils.functional.lazy.<locals>.__proxy__ object at 0x04C69070>, 'add_url': '/admin/oauth2_provider/accesstoken/add/'}, {'object_name': 'Application', 'perms': {'change': True, 'delete': True, 'add': True}, 'admin_url': '/admin/oauth2_provider/application/', 'name': <django.utils.functional.lazy.<locals>.__proxy__ object at 0x00C036F0>, 'add_url': '/admin/oauth2_provider/application/add/'}, {'object_name': 'Grant', 'perms': {'change': True, 'delete': True, 'add': True}, 'admin_url': '/admin/oauth2_provider/grant/', 'name': <django.utils.functional.lazy.<locals>.__proxy__ object at 0x00C03B90>, 'add_url': '/admin/oauth2_provider/grant/add/'}, {'object_name': 'RefreshToken', 'perms': {'change': True, 'delete': True, 'add': True}, 'admin_url': '/admin/oauth2_provider/refreshtoken/', 'name': <django.utils.functional.lazy.<locals>.__proxy__ object at 0x00C03E50>, 'add_url': '/admin/oauth2_provider/refreshtoken/add/'}], 'app_label': 'oauth2_provider', 'has_module_perms': True}], 'site_title': <django.utils.functional.lazy.<locals>.__proxy__ object at 0x03A44E70>, 'has_permission': True}]"
[2016-12-01 06:33:30] DEBUG [django.template:929] Exception while resolving variable 'is_popup' in template 'admin/index.html'.
Traceback (most recent call last):
  File "C:\Users\USER\AppData\Local\Programs\Python\Python35-32\lib\site-packages\django\template\base.py", line 885, in _resolve_lookup
    current = current[bit]
  File "C:\Users\USER\AppData\Local\Programs\Python\Python35-32\lib\site-packages\django\template\context.py", line 75, in __getitem__
    raise KeyError(key)
KeyError: 'is_popup'

During handling of the above exception, another exception occurred:

Traceback (most recent call last):
  File "C:\Users\USER\AppData\Local\Programs\Python\Python35-32\lib\site-packages\django\template\base.py", line 891, in _resolve_lookup
    if isinstance(current, BaseContext) and getattr(type(current), bit):
AttributeError: type object 'RequestContext' has no attribute 'is_popup'

During handling of the above exception, another exception occurred:

Traceback (most recent call last):
  File "C:\Users\USER\AppData\Local\Programs\Python\Python35-32\lib\site-packages\django\template\base.py", line 900, in _resolve_lookup
    current = current[int(bit)]
ValueError: invalid literal for int() with base 10: 'is_popup'

During handling of the above exception, another exception occurred:

Traceback (most recent call last):
  File "C:\Users\USER\AppData\Local\Programs\Python\Python35-32\lib\site-packages\django\template\base.py", line 907, in _resolve_lookup
    (bit, current))  # missing attribute
django.template.base.VariableDoesNotExist: Failed lookup for key [is_popup] in "[{'True': True, 'False': False, 'None': None}, {'perms': <django.contrib.auth.context_processors.PermWrapper object at 0x01000570>, 'csrf_token': <SimpleLazyObject: <function csrf.<locals>._get_val at 0x04C481E0>>, 'request': <WSGIRequest: GET '/admin/'>, 'user': <SimpleLazyObject: <User: admin>>, 'DEFAULT_MESSAGE_LEVELS': {'SUCCESS': 25, 'WARNING': 30, 'DEBUG': 10, 'INFO': 20, 'ERROR': 40}, 'messages': <django.contrib.messages.storage.fallback.FallbackStorage object at 0x04C69590>}, {}, {'site_header': <django.utils.functional.lazy.<locals>.__proxy__ object at 0x03A44ED0>, 'title': <django.utils.functional.lazy.<locals>.__proxy__ object at 0x03A44F30>, 'LANGUAGE_BIDI': False, 'site_url': '/', 'available_apps': [{'app_url': '/admin/auth/', 'name': <django.utils.functional.lazy.<locals>.__proxy__ object at 0x03A5BA10>, 'models': [{'object_name': 'Group', 'perms': {'change': True, 'delete': True, 'add': True}, 'admin_url': '/admin/auth/group/', 'name': <django.utils.functional.lazy.<locals>.__proxy__ object at 0x00C19FB0>, 'add_url': '/admin/auth/group/add/'}, {'object_name': 'Permission', 'perms': {'change': True, 'delete': True, 'add': True}, 'admin_url': '/admin/auth/permission/', 'name': <django.utils.functional.lazy.<locals>.__proxy__ object at 0x00C197D0>, 'add_url': '/admin/auth/permission/add/'}], 'app_label': 'auth', 'has_module_perms': True}, {'app_url': '/admin/auths/', 'name': 'Auths', 'models': [{'object_name': 'HierarchyType', 'perms': {'change': True, 'delete': True, 'add': True}, 'admin_url': '/admin/auths/hierarchytype/', 'name': <django.utils.functional.lazy.<locals>.__proxy__ object at 0x00C19890>, 'add_url': '/admin/auths/hierarchytype/add/'}, {'object_name': 'Hierarchy', 'perms': {'change': True, 'delete': True, 'add': True}, 'admin_url': '/admin/auths/hierarchy/', 'name': <django.utils.functional.lazy.<locals>.__proxy__ object at 0x00C19410>, 'add_url': '/admin/auths/hierarchy/add/'}, {'object_name': 'Menu', 'perms': {'change': True, 'delete': True, 'add': True}, 'admin_url': '/admin/auths/menu/', 'name': <django.utils.functional.lazy.<locals>.__proxy__ object at 0x00C19FD0>, 'add_url': '/admin/auths/menu/add/'}, {'object_name': 'Person', 'perms': {'change': True, 'delete': True, 'add': True}, 'admin_url': '/admin/auths/person/', 'name': <django.utils.functional.lazy.<locals>.__proxy__ object at 0x00C194D0>, 'add_url': '/admin/auths/person/add/'}, {'object_name': 'UserHierarchyGroup', 'perms': {'change': True, 'delete': True, 'add': True}, 'admin_url': '/admin/auths/userhierarchygroup/', 'name': <django.utils.functional.lazy.<locals>.__proxy__ object at 0x00C19F70>, 'add_url': '/admin/auths/userhierarchygroup/add/'}, {'object_name': 'UserHierarchyPermission', 'perms': {'change': True, 'delete': True, 'add': True}, 'admin_url': '/admin/auths/userhierarchypermission/', 'name': <django.utils.functional.lazy.<locals>.__proxy__ object at 0x00C19D50>, 'add_url': '/admin/auths/userhierarchypermission/add/'}, {'object_name': 'User', 'perms': {'change': True, 'delete': True, 'add': True}, 'admin_url': '/admin/auths/user/', 'name': <django.utils.functional.lazy.<locals>.__proxy__ object at 0x00C19A50>, 'add_url': '/admin/auths/user/add/'}], 'app_label': 'auths', 'has_module_perms': True}, {'app_url': '/admin/catalogo/', 'name': 'Catalogo', 'models': [{'object_name': 'Autor', 'perms': {'change': True, 'delete': True, 'add': True}, 'admin_url': '/admin/catalogo/autor/', 'name': 'Autores', 'add_url': '/admin/catalogo/autor/add/'}, {'object_name': 'Categoria', 'perms': {'change': True, 'delete': True, 'add': True}, 'admin_url': '/admin/catalogo/categoria/', 'name': 'Categorias', 'add_url': '/admin/catalogo/categoria/add/'}, {'object_name': 'Libro', 'perms': {'change': True, 'delete': True, 'add': True}, 'admin_url': '/admin/catalogo/libro/', 'name': 'Libros', 'add_url': '/admin/catalogo/libro/add/'}], 'app_label': 'catalogo', 'has_module_perms': True}, {'app_url': '/admin/contenttypes/', 'name': <django.utils.functional.lazy.<locals>.__proxy__ object at 0x03A5BB30>, 'models': [{'object_name': 'ContentType', 'perms': {'change': True, 'delete': True, 'add': True}, 'admin_url': '/admin/contenttypes/contenttype/', 'name': <django.utils.functional.lazy.<locals>.__proxy__ object at 0x00C19F50>, 'add_url': '/admin/contenttypes/contenttype/add/'}], 'app_label': 'contenttypes', 'has_module_perms': True}, {'app_url': '/admin/oauth2_provider/', 'name': 'Django OAuth Toolkit', 'models': [{'object_name': 'AccessToken', 'perms': {'change': True, 'delete': True, 'add': True}, 'admin_url': '/admin/oauth2_provider/accesstoken/', 'name': <django.utils.functional.lazy.<locals>.__proxy__ object at 0x00C19430>, 'add_url': '/admin/oauth2_provider/accesstoken/add/'}, {'object_name': 'Application', 'perms': {'change': True, 'delete': True, 'add': True}, 'admin_url': '/admin/oauth2_provider/application/', 'name': <django.utils.functional.lazy.<locals>.__proxy__ object at 0x00C19E50>, 'add_url': '/admin/oauth2_provider/application/add/'}, {'object_name': 'Grant', 'perms': {'change': True, 'delete': True, 'add': True}, 'admin_url': '/admin/oauth2_provider/grant/', 'name': <django.utils.functional.lazy.<locals>.__proxy__ object at 0x00C19650>, 'add_url': '/admin/oauth2_provider/grant/add/'}, {'object_name': 'RefreshToken', 'perms': {'change': True, 'delete': True, 'add': True}, 'admin_url': '/admin/oauth2_provider/refreshtoken/', 'name': <django.utils.functional.lazy.<locals>.__proxy__ object at 0x00C19F90>, 'add_url': '/admin/oauth2_provider/refreshtoken/add/'}], 'app_label': 'oauth2_provider', 'has_module_perms': True}], 'LANGUAGE_CODE': 'en-us', 'app_list': [{'app_url': '/admin/auth/', 'name': <django.utils.functional.lazy.<locals>.__proxy__ object at 0x03A5BA10>, 'models': [{'object_name': 'Group', 'perms': {'change': True, 'delete': True, 'add': True}, 'admin_url': '/admin/auth/group/', 'name': <django.utils.functional.lazy.<locals>.__proxy__ object at 0x00C03670>, 'add_url': '/admin/auth/group/add/'}, {'object_name': 'Permission', 'perms': {'change': True, 'delete': True, 'add': True}, 'admin_url': '/admin/auth/permission/', 'name': <django.utils.functional.lazy.<locals>.__proxy__ object at 0x00C037D0>, 'add_url': '/admin/auth/permission/add/'}], 'app_label': 'auth', 'has_module_perms': True}, {'app_url': '/admin/auths/', 'name': 'Auths', 'models': [{'object_name': 'HierarchyType', 'perms': {'change': True, 'delete': True, 'add': True}, 'admin_url': '/admin/auths/hierarchytype/', 'name': <django.utils.functional.lazy.<locals>.__proxy__ object at 0x00C03B10>, 'add_url': '/admin/auths/hierarchytype/add/'}, {'object_name': 'Hierarchy', 'perms': {'change': True, 'delete': True, 'add': True}, 'admin_url': '/admin/auths/hierarchy/', 'name': <django.utils.functional.lazy.<locals>.__proxy__ object at 0x00C03B70>, 'add_url': '/admin/auths/hierarchy/add/'}, {'object_name': 'Menu', 'perms': {'change': True, 'delete': True, 'add': True}, 'admin_url': '/admin/auths/menu/', 'name': <django.utils.functional.lazy.<locals>.__proxy__ object at 0x00C03090>, 'add_url': '/admin/auths/menu/add/'}, {'object_name': 'Person', 'perms': {'change': True, 'delete': True, 'add': True}, 'admin_url': '/admin/auths/person/', 'name': <django.utils.functional.lazy.<locals>.__proxy__ object at 0x00C038B0>, 'add_url': '/admin/auths/person/add/'}, {'object_name': 'UserHierarchyGroup', 'perms': {'change': True, 'delete': True, 'add': True}, 'admin_url': '/admin/auths/userhierarchygroup/', 'name': <django.utils.functional.lazy.<locals>.__proxy__ object at 0x047BEC50>, 'add_url': '/admin/auths/userhierarchygroup/add/'}, {'object_name': 'UserHierarchyPermission', 'perms': {'change': True, 'delete': True, 'add': True}, 'admin_url': '/admin/auths/userhierarchypermission/', 'name': <django.utils.functional.lazy.<locals>.__proxy__ object at 0x00C03930>, 'add_url': '/admin/auths/userhierarchypermission/add/'}, {'object_name': 'User', 'perms': {'change': True, 'delete': True, 'add': True}, 'admin_url': '/admin/auths/user/', 'name': <django.utils.functional.lazy.<locals>.__proxy__ object at 0x00C03DF0>, 'add_url': '/admin/auths/user/add/'}], 'app_label': 'auths', 'has_module_perms': True}, {'app_url': '/admin/catalogo/', 'name': 'Catalogo', 'models': [{'object_name': 'Autor', 'perms': {'change': True, 'delete': True, 'add': True}, 'admin_url': '/admin/catalogo/autor/', 'name': 'Autores', 'add_url': '/admin/catalogo/autor/add/'}, {'object_name': 'Categoria', 'perms': {'change': True, 'delete': True, 'add': True}, 'admin_url': '/admin/catalogo/categoria/', 'name': 'Categorias', 'add_url': '/admin/catalogo/categoria/add/'}, {'object_name': 'Libro', 'perms': {'change': True, 'delete': True, 'add': True}, 'admin_url': '/admin/catalogo/libro/', 'name': 'Libros', 'add_url': '/admin/catalogo/libro/add/'}], 'app_label': 'catalogo', 'has_module_perms': True}, {'app_url': '/admin/contenttypes/', 'name': <django.utils.functional.lazy.<locals>.__proxy__ object at 0x03A5BB30>, 'models': [{'object_name': 'ContentType', 'perms': {'change': True, 'delete': True, 'add': True}, 'admin_url': '/admin/contenttypes/contenttype/', 'name': <django.utils.functional.lazy.<locals>.__proxy__ object at 0x00C03C70>, 'add_url': '/admin/contenttypes/contenttype/add/'}], 'app_label': 'contenttypes', 'has_module_perms': True}, {'app_url': '/admin/oauth2_provider/', 'name': 'Django OAuth Toolkit', 'models': [{'object_name': 'AccessToken', 'perms': {'change': True, 'delete': True, 'add': True}, 'admin_url': '/admin/oauth2_provider/accesstoken/', 'name': <django.utils.functional.lazy.<locals>.__proxy__ object at 0x04C69070>, 'add_url': '/admin/oauth2_provider/accesstoken/add/'}, {'object_name': 'Application', 'perms': {'change': True, 'delete': True, 'add': True}, 'admin_url': '/admin/oauth2_provider/application/', 'name': <django.utils.functional.lazy.<locals>.__proxy__ object at 0x00C036F0>, 'add_url': '/admin/oauth2_provider/application/add/'}, {'object_name': 'Grant', 'perms': {'change': True, 'delete': True, 'add': True}, 'admin_url': '/admin/oauth2_provider/grant/', 'name': <django.utils.functional.lazy.<locals>.__proxy__ object at 0x00C03B90>, 'add_url': '/admin/oauth2_provider/grant/add/'}, {'object_name': 'RefreshToken', 'perms': {'change': True, 'delete': True, 'add': True}, 'admin_url': '/admin/oauth2_provider/refreshtoken/', 'name': <django.utils.functional.lazy.<locals>.__proxy__ object at 0x00C03E50>, 'add_url': '/admin/oauth2_provider/refreshtoken/add/'}], 'app_label': 'oauth2_provider', 'has_module_perms': True}], 'site_title': <django.utils.functional.lazy.<locals>.__proxy__ object at 0x03A44E70>, 'has_permission': True}]"
[2016-12-01 06:33:30] DEBUG [django.db.backends:90] (0.000) SELECT "django_admin_log"."id", "django_admin_log"."action_time", "django_admin_log"."user_id", "django_admin_log"."content_type_id", "django_admin_log"."object_id", "django_admin_log"."object_repr", "django_admin_log"."action_flag", "django_admin_log"."change_message", "auths_user"."password", "auths_user"."last_login", "auths_user"."is_superuser", "auths_user"."username", "auths_user"."first_name", "auths_user"."last_name", "auths_user"."email", "auths_user"."is_staff", "auths_user"."is_active", "auths_user"."date_joined", "auths_user"."id", "auths_user"."last_hierarchy_id", "auths_user"."last_module_id", "auths_user"."person_id", "auths_user"."updated_at", "auths_user"."registered_by", "django_content_type"."id", "django_content_type"."app_label", "django_content_type"."model" FROM "django_admin_log" INNER JOIN "auths_user" ON ("django_admin_log"."user_id" = "auths_user"."id") LEFT OUTER JOIN "django_content_type" ON ("django_admin_log"."content_type_id" = "django_content_type"."id") WHERE "django_admin_log"."user_id" = 'f008d68e00524d18aa9ed8ca28530969' ORDER BY "django_admin_log"."action_time" DESC LIMIT 10; args=('f008d68e00524d18aa9ed8ca28530969',)
[2016-12-01 06:33:30] INFO [django.server:131] "GET /admin/ HTTP/1.1" 200 10333
[2016-12-01 06:33:30] INFO [django.server:131] "GET /static/admin/css/base.css HTTP/1.1" 304 0
[2016-12-01 06:33:30] INFO [django.server:131] "GET /static/admin/css/dashboard.css HTTP/1.1" 304 0
[2016-12-01 06:33:30] INFO [django.server:131] "GET /static/admin/css/fonts.css HTTP/1.1" 304 0
[2016-12-01 06:33:30] INFO [django.server:131] "GET /static/admin/img/icon-addlink.svg HTTP/1.1" 304 0
[2016-12-01 06:33:30] INFO [django.server:131] "GET /static/admin/img/icon-changelink.svg HTTP/1.1" 304 0
[2016-12-01 06:33:41] DEBUG [django.db.backends:90] (0.001) SELECT "oauth2_provider_accesstoken"."id", "oauth2_provider_accesstoken"."user_id", "oauth2_provider_accesstoken"."token", "oauth2_provider_accesstoken"."application_id", "oauth2_provider_accesstoken"."expires", "oauth2_provider_accesstoken"."scope", "auths_user"."password", "auths_user"."last_login", "auths_user"."is_superuser", "auths_user"."username", "auths_user"."first_name", "auths_user"."last_name", "auths_user"."email", "auths_user"."is_staff", "auths_user"."is_active", "auths_user"."date_joined", "auths_user"."id", "auths_user"."last_hierarchy_id", "auths_user"."last_module_id", "auths_user"."person_id", "auths_user"."updated_at", "auths_user"."registered_by", "oauth2_provider_application"."id", "oauth2_provider_application"."client_id", "oauth2_provider_application"."user_id", "oauth2_provider_application"."redirect_uris", "oauth2_provider_application"."client_type", "oauth2_provider_application"."authorization_grant_type", "oauth2_provider_application"."client_secret", "oauth2_provider_application"."name", "oauth2_provider_application"."skip_authorization" FROM "oauth2_provider_accesstoken" LEFT OUTER JOIN "auths_user" ON ("oauth2_provider_accesstoken"."user_id" = "auths_user"."id") INNER JOIN "oauth2_provider_application" ON ("oauth2_provider_accesstoken"."application_id" = "oauth2_provider_application"."id") WHERE "oauth2_provider_accesstoken"."token" = 'k6NobOfHCeW8VS4bWQmyUUV3yFdvIL'; args=('k6NobOfHCeW8VS4bWQmyUUV3yFdvIL',)
[2016-12-01 06:33:41] DEBUG [django.db.backends:90] (0.000) SELECT "catalogo_repuesto"."id", "catalogo_repuesto"."nombre", "catalogo_repuesto"."codigo", "catalogo_repuesto"."descripcion" FROM "catalogo_repuesto"; args=()
[2016-12-01 06:33:41] INFO [django.server:131] "GET /api/catalogo/repuesto/ HTTP/1.1" 200 118
[2016-12-01 06:40:25] DEBUG [django.db.backends:90] (0.002) SELECT "oauth2_provider_accesstoken"."id", "oauth2_provider_accesstoken"."user_id", "oauth2_provider_accesstoken"."token", "oauth2_provider_accesstoken"."application_id", "oauth2_provider_accesstoken"."expires", "oauth2_provider_accesstoken"."scope", "auths_user"."password", "auths_user"."last_login", "auths_user"."is_superuser", "auths_user"."username", "auths_user"."first_name", "auths_user"."last_name", "auths_user"."email", "auths_user"."is_staff", "auths_user"."is_active", "auths_user"."date_joined", "auths_user"."id", "auths_user"."last_hierarchy_id", "auths_user"."last_module_id", "auths_user"."person_id", "auths_user"."updated_at", "auths_user"."registered_by", "oauth2_provider_application"."id", "oauth2_provider_application"."client_id", "oauth2_provider_application"."user_id", "oauth2_provider_application"."redirect_uris", "oauth2_provider_application"."client_type", "oauth2_provider_application"."authorization_grant_type", "oauth2_provider_application"."client_secret", "oauth2_provider_application"."name", "oauth2_provider_application"."skip_authorization" FROM "oauth2_provider_accesstoken" LEFT OUTER JOIN "auths_user" ON ("oauth2_provider_accesstoken"."user_id" = "auths_user"."id") INNER JOIN "oauth2_provider_application" ON ("oauth2_provider_accesstoken"."application_id" = "oauth2_provider_application"."id") WHERE "oauth2_provider_accesstoken"."token" = 'k6NobOfHCeW8VS4bWQmyUUV3yFdvIL'; args=('k6NobOfHCeW8VS4bWQmyUUV3yFdvIL',)
[2016-12-01 06:40:25] DEBUG [django.db.backends:90] (0.002) SELECT "oauth2_provider_accesstoken"."id", "oauth2_provider_accesstoken"."user_id", "oauth2_provider_accesstoken"."token", "oauth2_provider_accesstoken"."application_id", "oauth2_provider_accesstoken"."expires", "oauth2_provider_accesstoken"."scope", "auths_user"."password", "auths_user"."last_login", "auths_user"."is_superuser", "auths_user"."username", "auths_user"."first_name", "auths_user"."last_name", "auths_user"."email", "auths_user"."is_staff", "auths_user"."is_active", "auths_user"."date_joined", "auths_user"."id", "auths_user"."last_hierarchy_id", "auths_user"."last_module_id", "auths_user"."person_id", "auths_user"."updated_at", "auths_user"."registered_by", "oauth2_provider_application"."id", "oauth2_provider_application"."client_id", "oauth2_provider_application"."user_id", "oauth2_provider_application"."redirect_uris", "oauth2_provider_application"."client_type", "oauth2_provider_application"."authorization_grant_type", "oauth2_provider_application"."client_secret", "oauth2_provider_application"."name", "oauth2_provider_application"."skip_authorization" FROM "oauth2_provider_accesstoken" LEFT OUTER JOIN "auths_user" ON ("oauth2_provider_accesstoken"."user_id" = "auths_user"."id") INNER JOIN "oauth2_provider_application" ON ("oauth2_provider_accesstoken"."application_id" = "oauth2_provider_application"."id") WHERE "oauth2_provider_accesstoken"."token" = 'k6NobOfHCeW8VS4bWQmyUUV3yFdvIL'; args=('k6NobOfHCeW8VS4bWQmyUUV3yFdvIL',)
[2016-12-01 06:40:25] DEBUG [django.db.backends:90] (0.000) SELECT "auths_menu"."id" FROM "auths_menu" WHERE ("auths_menu"."id" IS NOT NULL AND "auths_menu"."is_active" = 1 AND "auths_menu"."module" = 'BACKEND') ORDER BY "auths_menu"."pos" ASC; args=(True, 'BACKEND')
[2016-12-01 06:40:25] DEBUG [django.db.backends:90] (0.000) SELECT "auth_group"."id", "auth_group"."name" FROM "auth_group" INNER JOIN "auths_user_groups" ON ("auth_group"."id" = "auths_user_groups"."group_id") WHERE "auths_user_groups"."user_id" = 'f008d68e00524d18aa9ed8ca28530969'; args=('f008d68e00524d18aa9ed8ca28530969',)
[2016-12-01 06:40:25] DEBUG [django.db.backends:90] (0.000) SELECT (1) AS "a" FROM "django_session" WHERE "django_session"."session_key" = '4pfdcaofw7pmisfxy964udtsobaobkc1' LIMIT 1; args=('4pfdcaofw7pmisfxy964udtsobaobkc1',)
[2016-12-01 06:40:25] DEBUG [django.db.backends:90] (0.000) BEGIN; args=None
[2016-12-01 06:40:25] DEBUG [django.db.backends:90] (0.001) SELECT "auth_permission"."id", "auth_permission"."name", "auth_permission"."content_type_id", "auth_permission"."codename" FROM "auth_permission" INNER JOIN "auths_user_user_permissions" ON ("auth_permission"."id" = "auths_user_user_permissions"."permission_id") INNER JOIN "django_content_type" ON ("auth_permission"."content_type_id" = "django_content_type"."id") WHERE "auths_user_user_permissions"."user_id" = 'f008d68e00524d18aa9ed8ca28530969' ORDER BY "django_content_type"."app_label" ASC, "django_content_type"."model" ASC, "auth_permission"."codename" ASC; args=('f008d68e00524d18aa9ed8ca28530969',)
[2016-12-01 06:40:25] INFO [django.server:131] "GET /api/auths/localuserinfo/ HTTP/1.1" 200 496
[2016-12-01 06:40:25] DEBUG [django.db.backends:90] (0.003) INSERT INTO "django_session" ("session_key", "session_data", "expire_date") SELECT '4pfdcaofw7pmisfxy964udtsobaobkc1', 'NmE3M2Q3NmYwOTU3YjJmZDBjYmQxYTVjODc5MTExNzM3NjY1YzYzNzp7Il9zZXNzaW9uX2V4cGlyeSI6MzB9', '2016-12-01 12:40:55.655580'; args=('4pfdcaofw7pmisfxy964udtsobaobkc1', 'NmE3M2Q3NmYwOTU3YjJmZDBjYmQxYTVjODc5MTExNzM3NjY1YzYzNzp7Il9zZXNzaW9uX2V4cGlyeSI6MzB9', '2016-12-01 12:40:55.655580')
[2016-12-01 06:40:25] INFO [django.server:131] "GET /api/auths/usermenu/ HTTP/1.1" 200 11
[2016-12-01 06:40:25] DEBUG [django.db.backends:90] (0.005) SELECT "oauth2_provider_accesstoken"."id", "oauth2_provider_accesstoken"."user_id", "oauth2_provider_accesstoken"."token", "oauth2_provider_accesstoken"."application_id", "oauth2_provider_accesstoken"."expires", "oauth2_provider_accesstoken"."scope", "auths_user"."password", "auths_user"."last_login", "auths_user"."is_superuser", "auths_user"."username", "auths_user"."first_name", "auths_user"."last_name", "auths_user"."email", "auths_user"."is_staff", "auths_user"."is_active", "auths_user"."date_joined", "auths_user"."id", "auths_user"."last_hierarchy_id", "auths_user"."last_module_id", "auths_user"."person_id", "auths_user"."updated_at", "auths_user"."registered_by", "oauth2_provider_application"."id", "oauth2_provider_application"."client_id", "oauth2_provider_application"."user_id", "oauth2_provider_application"."redirect_uris", "oauth2_provider_application"."client_type", "oauth2_provider_application"."authorization_grant_type", "oauth2_provider_application"."client_secret", "oauth2_provider_application"."name", "oauth2_provider_application"."skip_authorization" FROM "oauth2_provider_accesstoken" LEFT OUTER JOIN "auths_user" ON ("oauth2_provider_accesstoken"."user_id" = "auths_user"."id") INNER JOIN "oauth2_provider_application" ON ("oauth2_provider_accesstoken"."application_id" = "oauth2_provider_application"."id") WHERE "oauth2_provider_accesstoken"."token" = 'k6NobOfHCeW8VS4bWQmyUUV3yFdvIL'; args=('k6NobOfHCeW8VS4bWQmyUUV3yFdvIL',)
[2016-12-01 06:40:25] DEBUG [django.db.backends:90] (0.001) SELECT "catalogo_repuesto"."id", "catalogo_repuesto"."nombre", "catalogo_repuesto"."codigo", "catalogo_repuesto"."descripcion" FROM "catalogo_repuesto"; args=()
[2016-12-01 06:40:25] INFO [django.server:131] "GET /api/catalogo/repuesto/ HTTP/1.1" 200 118
[2016-12-01 06:41:03] DEBUG [django.db.backends:90] (0.004) SELECT "oauth2_provider_accesstoken"."id", "oauth2_provider_accesstoken"."user_id", "oauth2_provider_accesstoken"."token", "oauth2_provider_accesstoken"."application_id", "oauth2_provider_accesstoken"."expires", "oauth2_provider_accesstoken"."scope", "auths_user"."password", "auths_user"."last_login", "auths_user"."is_superuser", "auths_user"."username", "auths_user"."first_name", "auths_user"."last_name", "auths_user"."email", "auths_user"."is_staff", "auths_user"."is_active", "auths_user"."date_joined", "auths_user"."id", "auths_user"."last_hierarchy_id", "auths_user"."last_module_id", "auths_user"."person_id", "auths_user"."updated_at", "auths_user"."registered_by", "oauth2_provider_application"."id", "oauth2_provider_application"."client_id", "oauth2_provider_application"."user_id", "oauth2_provider_application"."redirect_uris", "oauth2_provider_application"."client_type", "oauth2_provider_application"."authorization_grant_type", "oauth2_provider_application"."client_secret", "oauth2_provider_application"."name", "oauth2_provider_application"."skip_authorization" FROM "oauth2_provider_accesstoken" LEFT OUTER JOIN "auths_user" ON ("oauth2_provider_accesstoken"."user_id" = "auths_user"."id") INNER JOIN "oauth2_provider_application" ON ("oauth2_provider_accesstoken"."application_id" = "oauth2_provider_application"."id") WHERE "oauth2_provider_accesstoken"."token" = 'k6NobOfHCeW8VS4bWQmyUUV3yFdvIL'; args=('k6NobOfHCeW8VS4bWQmyUUV3yFdvIL',)
[2016-12-01 06:41:03] DEBUG [django.db.backends:90] (0.001) SELECT "oauth2_provider_accesstoken"."id", "oauth2_provider_accesstoken"."user_id", "oauth2_provider_accesstoken"."token", "oauth2_provider_accesstoken"."application_id", "oauth2_provider_accesstoken"."expires", "oauth2_provider_accesstoken"."scope", "auths_user"."password", "auths_user"."last_login", "auths_user"."is_superuser", "auths_user"."username", "auths_user"."first_name", "auths_user"."last_name", "auths_user"."email", "auths_user"."is_staff", "auths_user"."is_active", "auths_user"."date_joined", "auths_user"."id", "auths_user"."last_hierarchy_id", "auths_user"."last_module_id", "auths_user"."person_id", "auths_user"."updated_at", "auths_user"."registered_by", "oauth2_provider_application"."id", "oauth2_provider_application"."client_id", "oauth2_provider_application"."user_id", "oauth2_provider_application"."redirect_uris", "oauth2_provider_application"."client_type", "oauth2_provider_application"."authorization_grant_type", "oauth2_provider_application"."client_secret", "oauth2_provider_application"."name", "oauth2_provider_application"."skip_authorization" FROM "oauth2_provider_accesstoken" LEFT OUTER JOIN "auths_user" ON ("oauth2_provider_accesstoken"."user_id" = "auths_user"."id") INNER JOIN "oauth2_provider_application" ON ("oauth2_provider_accesstoken"."application_id" = "oauth2_provider_application"."id") WHERE "oauth2_provider_accesstoken"."token" = 'k6NobOfHCeW8VS4bWQmyUUV3yFdvIL'; args=('k6NobOfHCeW8VS4bWQmyUUV3yFdvIL',)
[2016-12-01 06:41:03] DEBUG [django.db.backends:90] (0.001) SELECT "auths_menu"."id" FROM "auths_menu" WHERE ("auths_menu"."id" IS NOT NULL AND "auths_menu"."is_active" = 1 AND "auths_menu"."module" = 'BACKEND') ORDER BY "auths_menu"."pos" ASC; args=(True, 'BACKEND')
[2016-12-01 06:41:03] DEBUG [django.db.backends:90] (0.001) SELECT "auth_group"."id", "auth_group"."name" FROM "auth_group" INNER JOIN "auths_user_groups" ON ("auth_group"."id" = "auths_user_groups"."group_id") WHERE "auths_user_groups"."user_id" = 'f008d68e00524d18aa9ed8ca28530969'; args=('f008d68e00524d18aa9ed8ca28530969',)
[2016-12-01 06:41:03] DEBUG [django.db.backends:90] (0.002) SELECT "auth_permission"."id", "auth_permission"."name", "auth_permission"."content_type_id", "auth_permission"."codename" FROM "auth_permission" INNER JOIN "auths_user_user_permissions" ON ("auth_permission"."id" = "auths_user_user_permissions"."permission_id") INNER JOIN "django_content_type" ON ("auth_permission"."content_type_id" = "django_content_type"."id") WHERE "auths_user_user_permissions"."user_id" = 'f008d68e00524d18aa9ed8ca28530969' ORDER BY "django_content_type"."app_label" ASC, "django_content_type"."model" ASC, "auth_permission"."codename" ASC; args=('f008d68e00524d18aa9ed8ca28530969',)
[2016-12-01 06:41:03] DEBUG [django.db.backends:90] (0.001) SELECT (1) AS "a" FROM "django_session" WHERE "django_session"."session_key" = 's42orc8bgyjlkeddukfp6nvo56pf88x9' LIMIT 1; args=('s42orc8bgyjlkeddukfp6nvo56pf88x9',)
[2016-12-01 06:41:03] DEBUG [django.db.backends:90] (0.000) BEGIN; args=None
[2016-12-01 06:41:03] INFO [django.server:131] "GET /api/auths/localuserinfo/ HTTP/1.1" 200 496
[2016-12-01 06:41:03] DEBUG [django.db.backends:90] (0.005) INSERT INTO "django_session" ("session_key", "session_data", "expire_date") SELECT 's42orc8bgyjlkeddukfp6nvo56pf88x9', 'NmE3M2Q3NmYwOTU3YjJmZDBjYmQxYTVjODc5MTExNzM3NjY1YzYzNzp7Il9zZXNzaW9uX2V4cGlyeSI6MzB9', '2016-12-01 12:41:33.306733'; args=('s42orc8bgyjlkeddukfp6nvo56pf88x9', 'NmE3M2Q3NmYwOTU3YjJmZDBjYmQxYTVjODc5MTExNzM3NjY1YzYzNzp7Il9zZXNzaW9uX2V4cGlyeSI6MzB9', '2016-12-01 12:41:33.306733')
[2016-12-01 06:41:03] INFO [django.server:131] "GET /api/auths/usermenu/ HTTP/1.1" 200 11
[2016-12-01 06:41:03] DEBUG [django.db.backends:90] (0.001) SELECT "oauth2_provider_accesstoken"."id", "oauth2_provider_accesstoken"."user_id", "oauth2_provider_accesstoken"."token", "oauth2_provider_accesstoken"."application_id", "oauth2_provider_accesstoken"."expires", "oauth2_provider_accesstoken"."scope", "auths_user"."password", "auths_user"."last_login", "auths_user"."is_superuser", "auths_user"."username", "auths_user"."first_name", "auths_user"."last_name", "auths_user"."email", "auths_user"."is_staff", "auths_user"."is_active", "auths_user"."date_joined", "auths_user"."id", "auths_user"."last_hierarchy_id", "auths_user"."last_module_id", "auths_user"."person_id", "auths_user"."updated_at", "auths_user"."registered_by", "oauth2_provider_application"."id", "oauth2_provider_application"."client_id", "oauth2_provider_application"."user_id", "oauth2_provider_application"."redirect_uris", "oauth2_provider_application"."client_type", "oauth2_provider_application"."authorization_grant_type", "oauth2_provider_application"."client_secret", "oauth2_provider_application"."name", "oauth2_provider_application"."skip_authorization" FROM "oauth2_provider_accesstoken" LEFT OUTER JOIN "auths_user" ON ("oauth2_provider_accesstoken"."user_id" = "auths_user"."id") INNER JOIN "oauth2_provider_application" ON ("oauth2_provider_accesstoken"."application_id" = "oauth2_provider_application"."id") WHERE "oauth2_provider_accesstoken"."token" = 'k6NobOfHCeW8VS4bWQmyUUV3yFdvIL'; args=('k6NobOfHCeW8VS4bWQmyUUV3yFdvIL',)
[2016-12-01 06:41:03] DEBUG [django.db.backends:90] (0.000) SELECT "catalogo_repuesto"."id", "catalogo_repuesto"."nombre", "catalogo_repuesto"."codigo", "catalogo_repuesto"."descripcion" FROM "catalogo_repuesto"; args=()
[2016-12-01 06:41:03] INFO [django.server:131] "GET /api/catalogo/repuesto/ HTTP/1.1" 200 118
[2016-12-01 06:43:00] DEBUG [django.db.backends:90] (0.002) SELECT "oauth2_provider_accesstoken"."id", "oauth2_provider_accesstoken"."user_id", "oauth2_provider_accesstoken"."token", "oauth2_provider_accesstoken"."application_id", "oauth2_provider_accesstoken"."expires", "oauth2_provider_accesstoken"."scope", "auths_user"."password", "auths_user"."last_login", "auths_user"."is_superuser", "auths_user"."username", "auths_user"."first_name", "auths_user"."last_name", "auths_user"."email", "auths_user"."is_staff", "auths_user"."is_active", "auths_user"."date_joined", "auths_user"."id", "auths_user"."last_hierarchy_id", "auths_user"."last_module_id", "auths_user"."person_id", "auths_user"."updated_at", "auths_user"."registered_by", "oauth2_provider_application"."id", "oauth2_provider_application"."client_id", "oauth2_provider_application"."user_id", "oauth2_provider_application"."redirect_uris", "oauth2_provider_application"."client_type", "oauth2_provider_application"."authorization_grant_type", "oauth2_provider_application"."client_secret", "oauth2_provider_application"."name", "oauth2_provider_application"."skip_authorization" FROM "oauth2_provider_accesstoken" LEFT OUTER JOIN "auths_user" ON ("oauth2_provider_accesstoken"."user_id" = "auths_user"."id") INNER JOIN "oauth2_provider_application" ON ("oauth2_provider_accesstoken"."application_id" = "oauth2_provider_application"."id") WHERE "oauth2_provider_accesstoken"."token" = 'k6NobOfHCeW8VS4bWQmyUUV3yFdvIL'; args=('k6NobOfHCeW8VS4bWQmyUUV3yFdvIL',)
[2016-12-01 06:43:00] DEBUG [django.db.backends:90] (0.001) SELECT "oauth2_provider_accesstoken"."id", "oauth2_provider_accesstoken"."user_id", "oauth2_provider_accesstoken"."token", "oauth2_provider_accesstoken"."application_id", "oauth2_provider_accesstoken"."expires", "oauth2_provider_accesstoken"."scope", "auths_user"."password", "auths_user"."last_login", "auths_user"."is_superuser", "auths_user"."username", "auths_user"."first_name", "auths_user"."last_name", "auths_user"."email", "auths_user"."is_staff", "auths_user"."is_active", "auths_user"."date_joined", "auths_user"."id", "auths_user"."last_hierarchy_id", "auths_user"."last_module_id", "auths_user"."person_id", "auths_user"."updated_at", "auths_user"."registered_by", "oauth2_provider_application"."id", "oauth2_provider_application"."client_id", "oauth2_provider_application"."user_id", "oauth2_provider_application"."redirect_uris", "oauth2_provider_application"."client_type", "oauth2_provider_application"."authorization_grant_type", "oauth2_provider_application"."client_secret", "oauth2_provider_application"."name", "oauth2_provider_application"."skip_authorization" FROM "oauth2_provider_accesstoken" LEFT OUTER JOIN "auths_user" ON ("oauth2_provider_accesstoken"."user_id" = "auths_user"."id") INNER JOIN "oauth2_provider_application" ON ("oauth2_provider_accesstoken"."application_id" = "oauth2_provider_application"."id") WHERE "oauth2_provider_accesstoken"."token" = 'k6NobOfHCeW8VS4bWQmyUUV3yFdvIL'; args=('k6NobOfHCeW8VS4bWQmyUUV3yFdvIL',)
[2016-12-01 06:43:00] DEBUG [django.db.backends:90] (0.006) SELECT "auths_menu"."id" FROM "auths_menu" WHERE ("auths_menu"."id" IS NOT NULL AND "auths_menu"."is_active" = 1 AND "auths_menu"."module" = 'BACKEND') ORDER BY "auths_menu"."pos" ASC; args=(True, 'BACKEND')
[2016-12-01 06:43:00] DEBUG [django.db.backends:90] (0.000) SELECT "auth_group"."id", "auth_group"."name" FROM "auth_group" INNER JOIN "auths_user_groups" ON ("auth_group"."id" = "auths_user_groups"."group_id") WHERE "auths_user_groups"."user_id" = 'f008d68e00524d18aa9ed8ca28530969'; args=('f008d68e00524d18aa9ed8ca28530969',)
[2016-12-01 06:43:00] DEBUG [django.db.backends:90] (0.002) SELECT (1) AS "a" FROM "django_session" WHERE "django_session"."session_key" = 'dqj7mjymxaktfnqgdzo0xk52ftyq8fqr' LIMIT 1; args=('dqj7mjymxaktfnqgdzo0xk52ftyq8fqr',)
[2016-12-01 06:43:00] DEBUG [django.db.backends:90] (0.000) SELECT "auth_permission"."id", "auth_permission"."name", "auth_permission"."content_type_id", "auth_permission"."codename" FROM "auth_permission" INNER JOIN "auths_user_user_permissions" ON ("auth_permission"."id" = "auths_user_user_permissions"."permission_id") INNER JOIN "django_content_type" ON ("auth_permission"."content_type_id" = "django_content_type"."id") WHERE "auths_user_user_permissions"."user_id" = 'f008d68e00524d18aa9ed8ca28530969' ORDER BY "django_content_type"."app_label" ASC, "django_content_type"."model" ASC, "auth_permission"."codename" ASC; args=('f008d68e00524d18aa9ed8ca28530969',)
[2016-12-01 06:43:00] DEBUG [django.db.backends:90] (0.000) BEGIN; args=None
[2016-12-01 06:43:00] INFO [django.server:131] "GET /api/auths/localuserinfo/ HTTP/1.1" 200 496
[2016-12-01 06:43:00] DEBUG [django.db.backends:90] (0.002) INSERT INTO "django_session" ("session_key", "session_data", "expire_date") SELECT 'dqj7mjymxaktfnqgdzo0xk52ftyq8fqr', 'NmE3M2Q3NmYwOTU3YjJmZDBjYmQxYTVjODc5MTExNzM3NjY1YzYzNzp7Il9zZXNzaW9uX2V4cGlyeSI6MzB9', '2016-12-01 12:43:30.393100'; args=('dqj7mjymxaktfnqgdzo0xk52ftyq8fqr', 'NmE3M2Q3NmYwOTU3YjJmZDBjYmQxYTVjODc5MTExNzM3NjY1YzYzNzp7Il9zZXNzaW9uX2V4cGlyeSI6MzB9', '2016-12-01 12:43:30.393100')
[2016-12-01 06:43:00] INFO [django.server:131] "GET /api/auths/usermenu/ HTTP/1.1" 200 11
[2016-12-01 06:43:00] DEBUG [django.db.backends:90] (0.001) SELECT "oauth2_provider_accesstoken"."id", "oauth2_provider_accesstoken"."user_id", "oauth2_provider_accesstoken"."token", "oauth2_provider_accesstoken"."application_id", "oauth2_provider_accesstoken"."expires", "oauth2_provider_accesstoken"."scope", "auths_user"."password", "auths_user"."last_login", "auths_user"."is_superuser", "auths_user"."username", "auths_user"."first_name", "auths_user"."last_name", "auths_user"."email", "auths_user"."is_staff", "auths_user"."is_active", "auths_user"."date_joined", "auths_user"."id", "auths_user"."last_hierarchy_id", "auths_user"."last_module_id", "auths_user"."person_id", "auths_user"."updated_at", "auths_user"."registered_by", "oauth2_provider_application"."id", "oauth2_provider_application"."client_id", "oauth2_provider_application"."user_id", "oauth2_provider_application"."redirect_uris", "oauth2_provider_application"."client_type", "oauth2_provider_application"."authorization_grant_type", "oauth2_provider_application"."client_secret", "oauth2_provider_application"."name", "oauth2_provider_application"."skip_authorization" FROM "oauth2_provider_accesstoken" LEFT OUTER JOIN "auths_user" ON ("oauth2_provider_accesstoken"."user_id" = "auths_user"."id") INNER JOIN "oauth2_provider_application" ON ("oauth2_provider_accesstoken"."application_id" = "oauth2_provider_application"."id") WHERE "oauth2_provider_accesstoken"."token" = 'k6NobOfHCeW8VS4bWQmyUUV3yFdvIL'; args=('k6NobOfHCeW8VS4bWQmyUUV3yFdvIL',)
[2016-12-01 06:43:00] DEBUG [django.db.backends:90] (0.001) SELECT "catalogo_repuesto"."id", "catalogo_repuesto"."nombre", "catalogo_repuesto"."codigo", "catalogo_repuesto"."descripcion" FROM "catalogo_repuesto"; args=()
[2016-12-01 06:43:00] INFO [django.server:131] "GET /api/catalogo/repuesto/ HTTP/1.1" 200 118
[2016-12-01 06:48:28] DEBUG [django.db.backends:90] (0.005) SELECT "oauth2_provider_accesstoken"."id", "oauth2_provider_accesstoken"."user_id", "oauth2_provider_accesstoken"."token", "oauth2_provider_accesstoken"."application_id", "oauth2_provider_accesstoken"."expires", "oauth2_provider_accesstoken"."scope", "auths_user"."password", "auths_user"."last_login", "auths_user"."is_superuser", "auths_user"."username", "auths_user"."first_name", "auths_user"."last_name", "auths_user"."email", "auths_user"."is_staff", "auths_user"."is_active", "auths_user"."date_joined", "auths_user"."id", "auths_user"."last_hierarchy_id", "auths_user"."last_module_id", "auths_user"."person_id", "auths_user"."updated_at", "auths_user"."registered_by", "oauth2_provider_application"."id", "oauth2_provider_application"."client_id", "oauth2_provider_application"."user_id", "oauth2_provider_application"."redirect_uris", "oauth2_provider_application"."client_type", "oauth2_provider_application"."authorization_grant_type", "oauth2_provider_application"."client_secret", "oauth2_provider_application"."name", "oauth2_provider_application"."skip_authorization" FROM "oauth2_provider_accesstoken" LEFT OUTER JOIN "auths_user" ON ("oauth2_provider_accesstoken"."user_id" = "auths_user"."id") INNER JOIN "oauth2_provider_application" ON ("oauth2_provider_accesstoken"."application_id" = "oauth2_provider_application"."id") WHERE "oauth2_provider_accesstoken"."token" = 'k6NobOfHCeW8VS4bWQmyUUV3yFdvIL'; args=('k6NobOfHCeW8VS4bWQmyUUV3yFdvIL',)
[2016-12-01 06:48:28] DEBUG [django.db.backends:90] (0.001) SELECT "oauth2_provider_accesstoken"."id", "oauth2_provider_accesstoken"."user_id", "oauth2_provider_accesstoken"."token", "oauth2_provider_accesstoken"."application_id", "oauth2_provider_accesstoken"."expires", "oauth2_provider_accesstoken"."scope", "auths_user"."password", "auths_user"."last_login", "auths_user"."is_superuser", "auths_user"."username", "auths_user"."first_name", "auths_user"."last_name", "auths_user"."email", "auths_user"."is_staff", "auths_user"."is_active", "auths_user"."date_joined", "auths_user"."id", "auths_user"."last_hierarchy_id", "auths_user"."last_module_id", "auths_user"."person_id", "auths_user"."updated_at", "auths_user"."registered_by", "oauth2_provider_application"."id", "oauth2_provider_application"."client_id", "oauth2_provider_application"."user_id", "oauth2_provider_application"."redirect_uris", "oauth2_provider_application"."client_type", "oauth2_provider_application"."authorization_grant_type", "oauth2_provider_application"."client_secret", "oauth2_provider_application"."name", "oauth2_provider_application"."skip_authorization" FROM "oauth2_provider_accesstoken" LEFT OUTER JOIN "auths_user" ON ("oauth2_provider_accesstoken"."user_id" = "auths_user"."id") INNER JOIN "oauth2_provider_application" ON ("oauth2_provider_accesstoken"."application_id" = "oauth2_provider_application"."id") WHERE "oauth2_provider_accesstoken"."token" = 'k6NobOfHCeW8VS4bWQmyUUV3yFdvIL'; args=('k6NobOfHCeW8VS4bWQmyUUV3yFdvIL',)
[2016-12-01 06:48:28] DEBUG [django.db.backends:90] (0.000) SELECT "auths_menu"."id" FROM "auths_menu" WHERE ("auths_menu"."id" IS NOT NULL AND "auths_menu"."is_active" = 1 AND "auths_menu"."module" = 'BACKEND') ORDER BY "auths_menu"."pos" ASC; args=(True, 'BACKEND')
[2016-12-01 06:48:28] DEBUG [django.db.backends:90] (0.000) SELECT (1) AS "a" FROM "django_session" WHERE "django_session"."session_key" = '63jdgat6qz257i40gz3tjd3ctgu1b0hy' LIMIT 1; args=('63jdgat6qz257i40gz3tjd3ctgu1b0hy',)
[2016-12-01 06:48:28] DEBUG [django.db.backends:90] (0.000) BEGIN; args=None
[2016-12-01 06:48:28] DEBUG [django.db.backends:90] (0.000) SELECT "auth_group"."id", "auth_group"."name" FROM "auth_group" INNER JOIN "auths_user_groups" ON ("auth_group"."id" = "auths_user_groups"."group_id") WHERE "auths_user_groups"."user_id" = 'f008d68e00524d18aa9ed8ca28530969'; args=('f008d68e00524d18aa9ed8ca28530969',)
[2016-12-01 06:48:28] DEBUG [django.db.backends:90] (0.004) INSERT INTO "django_session" ("session_key", "session_data", "expire_date") SELECT '63jdgat6qz257i40gz3tjd3ctgu1b0hy', 'NmE3M2Q3NmYwOTU3YjJmZDBjYmQxYTVjODc5MTExNzM3NjY1YzYzNzp7Il9zZXNzaW9uX2V4cGlyeSI6MzB9', '2016-12-01 12:48:58.215150'; args=('63jdgat6qz257i40gz3tjd3ctgu1b0hy', 'NmE3M2Q3NmYwOTU3YjJmZDBjYmQxYTVjODc5MTExNzM3NjY1YzYzNzp7Il9zZXNzaW9uX2V4cGlyeSI6MzB9', '2016-12-01 12:48:58.215150')
[2016-12-01 06:48:28] DEBUG [django.db.backends:90] (0.001) SELECT "auth_permission"."id", "auth_permission"."name", "auth_permission"."content_type_id", "auth_permission"."codename" FROM "auth_permission" INNER JOIN "auths_user_user_permissions" ON ("auth_permission"."id" = "auths_user_user_permissions"."permission_id") INNER JOIN "django_content_type" ON ("auth_permission"."content_type_id" = "django_content_type"."id") WHERE "auths_user_user_permissions"."user_id" = 'f008d68e00524d18aa9ed8ca28530969' ORDER BY "django_content_type"."app_label" ASC, "django_content_type"."model" ASC, "auth_permission"."codename" ASC; args=('f008d68e00524d18aa9ed8ca28530969',)
[2016-12-01 06:48:28] INFO [django.server:131] "GET /api/auths/localuserinfo/ HTTP/1.1" 200 496
[2016-12-01 06:48:28] INFO [django.server:131] "GET /api/auths/usermenu/ HTTP/1.1" 200 11
[2016-12-01 06:48:28] DEBUG [django.db.backends:90] (0.002) SELECT "oauth2_provider_accesstoken"."id", "oauth2_provider_accesstoken"."user_id", "oauth2_provider_accesstoken"."token", "oauth2_provider_accesstoken"."application_id", "oauth2_provider_accesstoken"."expires", "oauth2_provider_accesstoken"."scope", "auths_user"."password", "auths_user"."last_login", "auths_user"."is_superuser", "auths_user"."username", "auths_user"."first_name", "auths_user"."last_name", "auths_user"."email", "auths_user"."is_staff", "auths_user"."is_active", "auths_user"."date_joined", "auths_user"."id", "auths_user"."last_hierarchy_id", "auths_user"."last_module_id", "auths_user"."person_id", "auths_user"."updated_at", "auths_user"."registered_by", "oauth2_provider_application"."id", "oauth2_provider_application"."client_id", "oauth2_provider_application"."user_id", "oauth2_provider_application"."redirect_uris", "oauth2_provider_application"."client_type", "oauth2_provider_application"."authorization_grant_type", "oauth2_provider_application"."client_secret", "oauth2_provider_application"."name", "oauth2_provider_application"."skip_authorization" FROM "oauth2_provider_accesstoken" LEFT OUTER JOIN "auths_user" ON ("oauth2_provider_accesstoken"."user_id" = "auths_user"."id") INNER JOIN "oauth2_provider_application" ON ("oauth2_provider_accesstoken"."application_id" = "oauth2_provider_application"."id") WHERE "oauth2_provider_accesstoken"."token" = 'k6NobOfHCeW8VS4bWQmyUUV3yFdvIL'; args=('k6NobOfHCeW8VS4bWQmyUUV3yFdvIL',)
[2016-12-01 06:48:28] DEBUG [django.db.backends:90] (0.000) SELECT "catalogo_repuesto"."id", "catalogo_repuesto"."nombre", "catalogo_repuesto"."codigo", "catalogo_repuesto"."descripcion" FROM "catalogo_repuesto"; args=()
[2016-12-01 06:48:28] INFO [django.server:131] "GET /api/catalogo/repuesto/ HTTP/1.1" 200 118
[2016-12-01 13:09:33] DEBUG [django.db.backends:90] (0.000) 
            SELECT name, type FROM sqlite_master
            WHERE type in ('table', 'view') AND NOT name='sqlite_sequence'
            ORDER BY name; args=None
[2016-12-01 13:09:33] DEBUG [django.db.backends:90] (0.000) SELECT "django_migrations"."app", "django_migrations"."name" FROM "django_migrations"; args=()
[2016-12-01 13:10:31] DEBUG [django.db.backends:90] (0.001) 
            SELECT name, type FROM sqlite_master
            WHERE type in ('table', 'view') AND NOT name='sqlite_sequence'
            ORDER BY name; args=None
[2016-12-01 13:10:31] DEBUG [django.db.backends:90] (0.000) SELECT "django_migrations"."app", "django_migrations"."name" FROM "django_migrations"; args=()
[2016-12-01 13:12:32] INFO [django.server:131] "OPTIONS /api/auths/localuserinfo/ HTTP/1.1" 200 0
[2016-12-01 13:12:32] DEBUG [django.db.backends:90] (0.002) SELECT "oauth2_provider_accesstoken"."id", "oauth2_provider_accesstoken"."user_id", "oauth2_provider_accesstoken"."token", "oauth2_provider_accesstoken"."application_id", "oauth2_provider_accesstoken"."expires", "oauth2_provider_accesstoken"."scope", "auths_user"."password", "auths_user"."last_login", "auths_user"."is_superuser", "auths_user"."username", "auths_user"."first_name", "auths_user"."last_name", "auths_user"."email", "auths_user"."is_staff", "auths_user"."is_active", "auths_user"."date_joined", "auths_user"."id", "auths_user"."last_hierarchy_id", "auths_user"."last_module_id", "auths_user"."person_id", "auths_user"."updated_at", "auths_user"."registered_by", "oauth2_provider_application"."id", "oauth2_provider_application"."client_id", "oauth2_provider_application"."user_id", "oauth2_provider_application"."redirect_uris", "oauth2_provider_application"."client_type", "oauth2_provider_application"."authorization_grant_type", "oauth2_provider_application"."client_secret", "oauth2_provider_application"."name", "oauth2_provider_application"."skip_authorization" FROM "oauth2_provider_accesstoken" LEFT OUTER JOIN "auths_user" ON ("oauth2_provider_accesstoken"."user_id" = "auths_user"."id") INNER JOIN "oauth2_provider_application" ON ("oauth2_provider_accesstoken"."application_id" = "oauth2_provider_application"."id") WHERE "oauth2_provider_accesstoken"."token" = 'k6NobOfHCeW8VS4bWQmyUUV3yFdvIL'; args=('k6NobOfHCeW8VS4bWQmyUUV3yFdvIL',)
[2016-12-01 13:12:32] DEBUG [django.db.backends:90] (0.001) SELECT "oauth2_provider_accesstoken"."id", "oauth2_provider_accesstoken"."user_id", "oauth2_provider_accesstoken"."token", "oauth2_provider_accesstoken"."application_id", "oauth2_provider_accesstoken"."expires", "oauth2_provider_accesstoken"."scope", "auths_user"."password", "auths_user"."last_login", "auths_user"."is_superuser", "auths_user"."username", "auths_user"."first_name", "auths_user"."last_name", "auths_user"."email", "auths_user"."is_staff", "auths_user"."is_active", "auths_user"."date_joined", "auths_user"."id", "auths_user"."last_hierarchy_id", "auths_user"."last_module_id", "auths_user"."person_id", "auths_user"."updated_at", "auths_user"."registered_by", "oauth2_provider_application"."id", "oauth2_provider_application"."client_id", "oauth2_provider_application"."user_id", "oauth2_provider_application"."redirect_uris", "oauth2_provider_application"."client_type", "oauth2_provider_application"."authorization_grant_type", "oauth2_provider_application"."client_secret", "oauth2_provider_application"."name", "oauth2_provider_application"."skip_authorization" FROM "oauth2_provider_accesstoken" LEFT OUTER JOIN "auths_user" ON ("oauth2_provider_accesstoken"."user_id" = "auths_user"."id") INNER JOIN "oauth2_provider_application" ON ("oauth2_provider_accesstoken"."application_id" = "oauth2_provider_application"."id") WHERE "oauth2_provider_accesstoken"."token" = 'k6NobOfHCeW8VS4bWQmyUUV3yFdvIL'; args=('k6NobOfHCeW8VS4bWQmyUUV3yFdvIL',)
[2016-12-01 13:12:32] WARNING [django.server:131] "GET /api/auths/usermenu/ HTTP/1.1" 401 58
[2016-12-01 13:12:32] WARNING [django.server:131] "GET /api/auths/localuserinfo/ HTTP/1.1" 401 58
[2016-12-01 13:12:33] DEBUG [django.db.backends:90] (0.001) SELECT "auths_menu"."router_json" FROM "auths_menu" ORDER BY "auths_menu"."pos" ASC; args=()
[2016-12-01 13:12:33] INFO [django.server:131] "GET /api/auths/routers/ HTTP/1.1" 200 2
[2016-12-01 13:12:37] DEBUG [django.db.backends:90] (0.002) SELECT "django_session"."session_key", "django_session"."session_data", "django_session"."expire_date" FROM "django_session" WHERE ("django_session"."expire_date" > '2016-12-01 19:12:37.508195' AND "django_session"."session_key" = 'o5coaydikg2j2ss2jsebcm2odiuyjmdx'); args=('2016-12-01 19:12:37.508195', 'o5coaydikg2j2ss2jsebcm2odiuyjmdx')
[2016-12-01 13:12:37] DEBUG [django.db.backends:90] (0.000) SELECT "auths_user"."password", "auths_user"."last_login", "auths_user"."is_superuser", "auths_user"."username", "auths_user"."first_name", "auths_user"."last_name", "auths_user"."email", "auths_user"."is_staff", "auths_user"."is_active", "auths_user"."date_joined", "auths_user"."id", "auths_user"."last_hierarchy_id", "auths_user"."last_module_id", "auths_user"."person_id", "auths_user"."updated_at", "auths_user"."registered_by" FROM "auths_user" WHERE "auths_user"."id" = 'f008d68e00524d18aa9ed8ca28530969'; args=('f008d68e00524d18aa9ed8ca28530969',)
[2016-12-01 13:12:37] DEBUG [django.template:929] Exception while resolving variable 'is_popup' in template 'admin/index.html'.
Traceback (most recent call last):
  File "E:\LP2-PROYECT\vemo\ve_vemo\lib\site-packages\django\template\base.py", line 885, in _resolve_lookup
    current = current[bit]
  File "E:\LP2-PROYECT\vemo\ve_vemo\lib\site-packages\django\template\context.py", line 75, in __getitem__
    raise KeyError(key)
KeyError: 'is_popup'

During handling of the above exception, another exception occurred:

Traceback (most recent call last):
  File "E:\LP2-PROYECT\vemo\ve_vemo\lib\site-packages\django\template\base.py", line 891, in _resolve_lookup
    if isinstance(current, BaseContext) and getattr(type(current), bit):
AttributeError: type object 'RequestContext' has no attribute 'is_popup'

During handling of the above exception, another exception occurred:

Traceback (most recent call last):
  File "E:\LP2-PROYECT\vemo\ve_vemo\lib\site-packages\django\template\base.py", line 900, in _resolve_lookup
    current = current[int(bit)]
ValueError: invalid literal for int() with base 10: 'is_popup'

During handling of the above exception, another exception occurred:

Traceback (most recent call last):
  File "E:\LP2-PROYECT\vemo\ve_vemo\lib\site-packages\django\template\base.py", line 907, in _resolve_lookup
    (bit, current))  # missing attribute
django.template.base.VariableDoesNotExist: Failed lookup for key [is_popup] in "[{'False': False, 'True': True, 'None': None}, {'perms': <django.contrib.auth.context_processors.PermWrapper object at 0x01411830>, 'csrf_token': <SimpleLazyObject: <function csrf.<locals>._get_val at 0x04F49270>>, 'messages': <django.contrib.messages.storage.fallback.FallbackStorage object at 0x053EF130>, 'DEFAULT_MESSAGE_LEVELS': {'DEBUG': 10, 'WARNING': 30, 'ERROR': 40, 'SUCCESS': 25, 'INFO': 20}, 'user': <SimpleLazyObject: <User: admin>>, 'request': <WSGIRequest: GET '/admin/'>}, {}, {'available_apps': [{'name': <django.utils.functional.lazy.<locals>.__proxy__ object at 0x04226650>, 'app_label': 'auth', 'models': [{'name': <django.utils.functional.lazy.<locals>.__proxy__ object at 0x013CB750>, 'perms': {'add': True, 'change': True, 'delete': True}, 'add_url': '/admin/auth/group/add/', 'admin_url': '/admin/auth/group/', 'object_name': 'Group'}, {'name': <django.utils.functional.lazy.<locals>.__proxy__ object at 0x013CB070>, 'perms': {'add': True, 'change': True, 'delete': True}, 'add_url': '/admin/auth/permission/add/', 'admin_url': '/admin/auth/permission/', 'object_name': 'Permission'}], 'has_module_perms': True, 'app_url': '/admin/auth/'}, {'name': 'Auths', 'app_label': 'auths', 'models': [{'name': <django.utils.functional.lazy.<locals>.__proxy__ object at 0x013CB470>, 'perms': {'add': True, 'change': True, 'delete': True}, 'add_url': '/admin/auths/hierarchytype/add/', 'admin_url': '/admin/auths/hierarchytype/', 'object_name': 'HierarchyType'}, {'name': <django.utils.functional.lazy.<locals>.__proxy__ object at 0x013CBD30>, 'perms': {'add': True, 'change': True, 'delete': True}, 'add_url': '/admin/auths/hierarchy/add/', 'admin_url': '/admin/auths/hierarchy/', 'object_name': 'Hierarchy'}, {'name': <django.utils.functional.lazy.<locals>.__proxy__ object at 0x013CB5D0>, 'perms': {'add': True, 'change': True, 'delete': True}, 'add_url': '/admin/auths/menu/add/', 'admin_url': '/admin/auths/menu/', 'object_name': 'Menu'}, {'name': <django.utils.functional.lazy.<locals>.__proxy__ object at 0x013CB1D0>, 'perms': {'add': True, 'change': True, 'delete': True}, 'add_url': '/admin/auths/person/add/', 'admin_url': '/admin/auths/person/', 'object_name': 'Person'}, {'name': <django.utils.functional.lazy.<locals>.__proxy__ object at 0x053E0C30>, 'perms': {'add': True, 'change': True, 'delete': True}, 'add_url': '/admin/auths/userhierarchygroup/add/', 'admin_url': '/admin/auths/userhierarchygroup/', 'object_name': 'UserHierarchyGroup'}, {'name': <django.utils.functional.lazy.<locals>.__proxy__ object at 0x013CB0B0>, 'perms': {'add': True, 'change': True, 'delete': True}, 'add_url': '/admin/auths/userhierarchypermission/add/', 'admin_url': '/admin/auths/userhierarchypermission/', 'object_name': 'UserHierarchyPermission'}, {'name': <django.utils.functional.lazy.<locals>.__proxy__ object at 0x013CB7B0>, 'perms': {'add': True, 'change': True, 'delete': True}, 'add_url': '/admin/auths/user/add/', 'admin_url': '/admin/auths/user/', 'object_name': 'User'}], 'has_module_perms': True, 'app_url': '/admin/auths/'}, {'name': 'Catalogo', 'app_label': 'catalogo', 'models': [{'name': 'Autores', 'perms': {'add': True, 'change': True, 'delete': True}, 'add_url': '/admin/catalogo/autor/add/', 'admin_url': '/admin/catalogo/autor/', 'object_name': 'Autor'}, {'name': 'Categorias', 'perms': {'add': True, 'change': True, 'delete': True}, 'add_url': '/admin/catalogo/categoria/add/', 'admin_url': '/admin/catalogo/categoria/', 'object_name': 'Categoria'}, {'name': 'Libros', 'perms': {'add': True, 'change': True, 'delete': True}, 'add_url': '/admin/catalogo/libro/add/', 'admin_url': '/admin/catalogo/libro/', 'object_name': 'Libro'}], 'has_module_perms': True, 'app_url': '/admin/catalogo/'}, {'name': <django.utils.functional.lazy.<locals>.__proxy__ object at 0x04226430>, 'app_label': 'contenttypes', 'models': [{'name': <django.utils.functional.lazy.<locals>.__proxy__ object at 0x013CB3F0>, 'perms': {'add': True, 'change': True, 'delete': True}, 'add_url': '/admin/contenttypes/contenttype/add/', 'admin_url': '/admin/contenttypes/contenttype/', 'object_name': 'ContentType'}], 'has_module_perms': True, 'app_url': '/admin/contenttypes/'}, {'name': 'Django OAuth Toolkit', 'app_label': 'oauth2_provider', 'models': [{'name': <django.utils.functional.lazy.<locals>.__proxy__ object at 0x013CB930>, 'perms': {'add': True, 'change': True, 'delete': True}, 'add_url': '/admin/oauth2_provider/accesstoken/add/', 'admin_url': '/admin/oauth2_provider/accesstoken/', 'object_name': 'AccessToken'}, {'name': <django.utils.functional.lazy.<locals>.__proxy__ object at 0x013CBCD0>, 'perms': {'add': True, 'change': True, 'delete': True}, 'add_url': '/admin/oauth2_provider/application/add/', 'admin_url': '/admin/oauth2_provider/application/', 'object_name': 'Application'}, {'name': <django.utils.functional.lazy.<locals>.__proxy__ object at 0x013CB3D0>, 'perms': {'add': True, 'change': True, 'delete': True}, 'add_url': '/admin/oauth2_provider/grant/add/', 'admin_url': '/admin/oauth2_provider/grant/', 'object_name': 'Grant'}, {'name': <django.utils.functional.lazy.<locals>.__proxy__ object at 0x013CB090>, 'perms': {'add': True, 'change': True, 'delete': True}, 'add_url': '/admin/oauth2_provider/refreshtoken/add/', 'admin_url': '/admin/oauth2_provider/refreshtoken/', 'object_name': 'RefreshToken'}], 'has_module_perms': True, 'app_url': '/admin/oauth2_provider/'}], 'app_list': [{'name': <django.utils.functional.lazy.<locals>.__proxy__ object at 0x04226650>, 'app_label': 'auth', 'models': [{'name': <django.utils.functional.lazy.<locals>.__proxy__ object at 0x04F63750>, 'perms': {'add': True, 'change': True, 'delete': True}, 'add_url': '/admin/auth/group/add/', 'admin_url': '/admin/auth/group/', 'object_name': 'Group'}, {'name': <django.utils.functional.lazy.<locals>.__proxy__ object at 0x013CB550>, 'perms': {'add': True, 'change': True, 'delete': True}, 'add_url': '/admin/auth/permission/add/', 'admin_url': '/admin/auth/permission/', 'object_name': 'Permission'}], 'has_module_perms': True, 'app_url': '/admin/auth/'}, {'name': 'Auths', 'app_label': 'auths', 'models': [{'name': <django.utils.functional.lazy.<locals>.__proxy__ object at 0x04B91070>, 'perms': {'add': True, 'change': True, 'delete': True}, 'add_url': '/admin/auths/hierarchytype/add/', 'admin_url': '/admin/auths/hierarchytype/', 'object_name': 'HierarchyType'}, {'name': <django.utils.functional.lazy.<locals>.__proxy__ object at 0x04B91150>, 'perms': {'add': True, 'change': True, 'delete': True}, 'add_url': '/admin/auths/hierarchy/add/', 'admin_url': '/admin/auths/hierarchy/', 'object_name': 'Hierarchy'}, {'name': <django.utils.functional.lazy.<locals>.__proxy__ object at 0x04F634D0>, 'perms': {'add': True, 'change': True, 'delete': True}, 'add_url': '/admin/auths/menu/add/', 'admin_url': '/admin/auths/menu/', 'object_name': 'Menu'}, {'name': <django.utils.functional.lazy.<locals>.__proxy__ object at 0x04B912D0>, 'perms': {'add': True, 'change': True, 'delete': True}, 'add_url': '/admin/auths/person/add/', 'admin_url': '/admin/auths/person/', 'object_name': 'Person'}, {'name': <django.utils.functional.lazy.<locals>.__proxy__ object at 0x04F0DFD0>, 'perms': {'add': True, 'change': True, 'delete': True}, 'add_url': '/admin/auths/userhierarchygroup/add/', 'admin_url': '/admin/auths/userhierarchygroup/', 'object_name': 'UserHierarchyGroup'}, {'name': <django.utils.functional.lazy.<locals>.__proxy__ object at 0x04F634B0>, 'perms': {'add': True, 'change': True, 'delete': True}, 'add_url': '/admin/auths/userhierarchypermission/add/', 'admin_url': '/admin/auths/userhierarchypermission/', 'object_name': 'UserHierarchyPermission'}, {'name': <django.utils.functional.lazy.<locals>.__proxy__ object at 0x04B91110>, 'perms': {'add': True, 'change': True, 'delete': True}, 'add_url': '/admin/auths/user/add/', 'admin_url': '/admin/auths/user/', 'object_name': 'User'}], 'has_module_perms': True, 'app_url': '/admin/auths/'}, {'name': 'Catalogo', 'app_label': 'catalogo', 'models': [{'name': 'Autores', 'perms': {'add': True, 'change': True, 'delete': True}, 'add_url': '/admin/catalogo/autor/add/', 'admin_url': '/admin/catalogo/autor/', 'object_name': 'Autor'}, {'name': 'Categorias', 'perms': {'add': True, 'change': True, 'delete': True}, 'add_url': '/admin/catalogo/categoria/add/', 'admin_url': '/admin/catalogo/categoria/', 'object_name': 'Categoria'}, {'name': 'Libros', 'perms': {'add': True, 'change': True, 'delete': True}, 'add_url': '/admin/catalogo/libro/add/', 'admin_url': '/admin/catalogo/libro/', 'object_name': 'Libro'}], 'has_module_perms': True, 'app_url': '/admin/catalogo/'}, {'name': <django.utils.functional.lazy.<locals>.__proxy__ object at 0x04226430>, 'app_label': 'contenttypes', 'models': [{'name': <django.utils.functional.lazy.<locals>.__proxy__ object at 0x04F0DF90>, 'perms': {'add': True, 'change': True, 'delete': True}, 'add_url': '/admin/contenttypes/contenttype/add/', 'admin_url': '/admin/contenttypes/contenttype/', 'object_name': 'ContentType'}], 'has_module_perms': True, 'app_url': '/admin/contenttypes/'}, {'name': 'Django OAuth Toolkit', 'app_label': 'oauth2_provider', 'models': [{'name': <django.utils.functional.lazy.<locals>.__proxy__ object at 0x04F63370>, 'perms': {'add': True, 'change': True, 'delete': True}, 'add_url': '/admin/oauth2_provider/accesstoken/add/', 'admin_url': '/admin/oauth2_provider/accesstoken/', 'object_name': 'AccessToken'}, {'name': <django.utils.functional.lazy.<locals>.__proxy__ object at 0x04F63690>, 'perms': {'add': True, 'change': True, 'delete': True}, 'add_url': '/admin/oauth2_provider/application/add/', 'admin_url': '/admin/oauth2_provider/application/', 'object_name': 'Application'}, {'name': <django.utils.functional.lazy.<locals>.__proxy__ object at 0x04B911D0>, 'perms': {'add': True, 'change': True, 'delete': True}, 'add_url': '/admin/oauth2_provider/grant/add/', 'admin_url': '/admin/oauth2_provider/grant/', 'object_name': 'Grant'}, {'name': <django.utils.functional.lazy.<locals>.__proxy__ object at 0x04B91210>, 'perms': {'add': True, 'change': True, 'delete': True}, 'add_url': '/admin/oauth2_provider/refreshtoken/add/', 'admin_url': '/admin/oauth2_provider/refreshtoken/', 'object_name': 'RefreshToken'}], 'has_module_perms': True, 'app_url': '/admin/oauth2_provider/'}], 'site_url': '/', 'LANGUAGE_CODE': 'en-us', 'LANGUAGE_BIDI': False, 'title': <django.utils.functional.lazy.<locals>.__proxy__ object at 0x0420DAD0>, 'has_permission': True, 'site_title': <django.utils.functional.lazy.<locals>.__proxy__ object at 0x0420DA10>, 'site_header': <django.utils.functional.lazy.<locals>.__proxy__ object at 0x0420DA70>}]"
[2016-12-01 13:12:37] DEBUG [django.template:929] Exception while resolving variable 'is_popup' in template 'admin/index.html'.
Traceback (most recent call last):
  File "E:\LP2-PROYECT\vemo\ve_vemo\lib\site-packages\django\template\base.py", line 885, in _resolve_lookup
    current = current[bit]
  File "E:\LP2-PROYECT\vemo\ve_vemo\lib\site-packages\django\template\context.py", line 75, in __getitem__
    raise KeyError(key)
KeyError: 'is_popup'

During handling of the above exception, another exception occurred:

Traceback (most recent call last):
  File "E:\LP2-PROYECT\vemo\ve_vemo\lib\site-packages\django\template\base.py", line 891, in _resolve_lookup
    if isinstance(current, BaseContext) and getattr(type(current), bit):
AttributeError: type object 'RequestContext' has no attribute 'is_popup'

During handling of the above exception, another exception occurred:

Traceback (most recent call last):
  File "E:\LP2-PROYECT\vemo\ve_vemo\lib\site-packages\django\template\base.py", line 900, in _resolve_lookup
    current = current[int(bit)]
ValueError: invalid literal for int() with base 10: 'is_popup'

During handling of the above exception, another exception occurred:

Traceback (most recent call last):
  File "E:\LP2-PROYECT\vemo\ve_vemo\lib\site-packages\django\template\base.py", line 907, in _resolve_lookup
    (bit, current))  # missing attribute
django.template.base.VariableDoesNotExist: Failed lookup for key [is_popup] in "[{'False': False, 'True': True, 'None': None}, {'perms': <django.contrib.auth.context_processors.PermWrapper object at 0x01411830>, 'csrf_token': <SimpleLazyObject: <function csrf.<locals>._get_val at 0x04F49270>>, 'messages': <django.contrib.messages.storage.fallback.FallbackStorage object at 0x053EF130>, 'DEFAULT_MESSAGE_LEVELS': {'DEBUG': 10, 'WARNING': 30, 'ERROR': 40, 'SUCCESS': 25, 'INFO': 20}, 'user': <SimpleLazyObject: <User: admin>>, 'request': <WSGIRequest: GET '/admin/'>}, {}, {'available_apps': [{'name': <django.utils.functional.lazy.<locals>.__proxy__ object at 0x04226650>, 'app_label': 'auth', 'models': [{'name': <django.utils.functional.lazy.<locals>.__proxy__ object at 0x013CB750>, 'perms': {'add': True, 'change': True, 'delete': True}, 'add_url': '/admin/auth/group/add/', 'admin_url': '/admin/auth/group/', 'object_name': 'Group'}, {'name': <django.utils.functional.lazy.<locals>.__proxy__ object at 0x013CB070>, 'perms': {'add': True, 'change': True, 'delete': True}, 'add_url': '/admin/auth/permission/add/', 'admin_url': '/admin/auth/permission/', 'object_name': 'Permission'}], 'has_module_perms': True, 'app_url': '/admin/auth/'}, {'name': 'Auths', 'app_label': 'auths', 'models': [{'name': <django.utils.functional.lazy.<locals>.__proxy__ object at 0x013CB470>, 'perms': {'add': True, 'change': True, 'delete': True}, 'add_url': '/admin/auths/hierarchytype/add/', 'admin_url': '/admin/auths/hierarchytype/', 'object_name': 'HierarchyType'}, {'name': <django.utils.functional.lazy.<locals>.__proxy__ object at 0x013CBD30>, 'perms': {'add': True, 'change': True, 'delete': True}, 'add_url': '/admin/auths/hierarchy/add/', 'admin_url': '/admin/auths/hierarchy/', 'object_name': 'Hierarchy'}, {'name': <django.utils.functional.lazy.<locals>.__proxy__ object at 0x013CB5D0>, 'perms': {'add': True, 'change': True, 'delete': True}, 'add_url': '/admin/auths/menu/add/', 'admin_url': '/admin/auths/menu/', 'object_name': 'Menu'}, {'name': <django.utils.functional.lazy.<locals>.__proxy__ object at 0x013CB1D0>, 'perms': {'add': True, 'change': True, 'delete': True}, 'add_url': '/admin/auths/person/add/', 'admin_url': '/admin/auths/person/', 'object_name': 'Person'}, {'name': <django.utils.functional.lazy.<locals>.__proxy__ object at 0x053E0C30>, 'perms': {'add': True, 'change': True, 'delete': True}, 'add_url': '/admin/auths/userhierarchygroup/add/', 'admin_url': '/admin/auths/userhierarchygroup/', 'object_name': 'UserHierarchyGroup'}, {'name': <django.utils.functional.lazy.<locals>.__proxy__ object at 0x013CB0B0>, 'perms': {'add': True, 'change': True, 'delete': True}, 'add_url': '/admin/auths/userhierarchypermission/add/', 'admin_url': '/admin/auths/userhierarchypermission/', 'object_name': 'UserHierarchyPermission'}, {'name': <django.utils.functional.lazy.<locals>.__proxy__ object at 0x013CB7B0>, 'perms': {'add': True, 'change': True, 'delete': True}, 'add_url': '/admin/auths/user/add/', 'admin_url': '/admin/auths/user/', 'object_name': 'User'}], 'has_module_perms': True, 'app_url': '/admin/auths/'}, {'name': 'Catalogo', 'app_label': 'catalogo', 'models': [{'name': 'Autores', 'perms': {'add': True, 'change': True, 'delete': True}, 'add_url': '/admin/catalogo/autor/add/', 'admin_url': '/admin/catalogo/autor/', 'object_name': 'Autor'}, {'name': 'Categorias', 'perms': {'add': True, 'change': True, 'delete': True}, 'add_url': '/admin/catalogo/categoria/add/', 'admin_url': '/admin/catalogo/categoria/', 'object_name': 'Categoria'}, {'name': 'Libros', 'perms': {'add': True, 'change': True, 'delete': True}, 'add_url': '/admin/catalogo/libro/add/', 'admin_url': '/admin/catalogo/libro/', 'object_name': 'Libro'}], 'has_module_perms': True, 'app_url': '/admin/catalogo/'}, {'name': <django.utils.functional.lazy.<locals>.__proxy__ object at 0x04226430>, 'app_label': 'contenttypes', 'models': [{'name': <django.utils.functional.lazy.<locals>.__proxy__ object at 0x013CB3F0>, 'perms': {'add': True, 'change': True, 'delete': True}, 'add_url': '/admin/contenttypes/contenttype/add/', 'admin_url': '/admin/contenttypes/contenttype/', 'object_name': 'ContentType'}], 'has_module_perms': True, 'app_url': '/admin/contenttypes/'}, {'name': 'Django OAuth Toolkit', 'app_label': 'oauth2_provider', 'models': [{'name': <django.utils.functional.lazy.<locals>.__proxy__ object at 0x013CB930>, 'perms': {'add': True, 'change': True, 'delete': True}, 'add_url': '/admin/oauth2_provider/accesstoken/add/', 'admin_url': '/admin/oauth2_provider/accesstoken/', 'object_name': 'AccessToken'}, {'name': <django.utils.functional.lazy.<locals>.__proxy__ object at 0x013CBCD0>, 'perms': {'add': True, 'change': True, 'delete': True}, 'add_url': '/admin/oauth2_provider/application/add/', 'admin_url': '/admin/oauth2_provider/application/', 'object_name': 'Application'}, {'name': <django.utils.functional.lazy.<locals>.__proxy__ object at 0x013CB3D0>, 'perms': {'add': True, 'change': True, 'delete': True}, 'add_url': '/admin/oauth2_provider/grant/add/', 'admin_url': '/admin/oauth2_provider/grant/', 'object_name': 'Grant'}, {'name': <django.utils.functional.lazy.<locals>.__proxy__ object at 0x013CB090>, 'perms': {'add': True, 'change': True, 'delete': True}, 'add_url': '/admin/oauth2_provider/refreshtoken/add/', 'admin_url': '/admin/oauth2_provider/refreshtoken/', 'object_name': 'RefreshToken'}], 'has_module_perms': True, 'app_url': '/admin/oauth2_provider/'}], 'app_list': [{'name': <django.utils.functional.lazy.<locals>.__proxy__ object at 0x04226650>, 'app_label': 'auth', 'models': [{'name': <django.utils.functional.lazy.<locals>.__proxy__ object at 0x04F63750>, 'perms': {'add': True, 'change': True, 'delete': True}, 'add_url': '/admin/auth/group/add/', 'admin_url': '/admin/auth/group/', 'object_name': 'Group'}, {'name': <django.utils.functional.lazy.<locals>.__proxy__ object at 0x013CB550>, 'perms': {'add': True, 'change': True, 'delete': True}, 'add_url': '/admin/auth/permission/add/', 'admin_url': '/admin/auth/permission/', 'object_name': 'Permission'}], 'has_module_perms': True, 'app_url': '/admin/auth/'}, {'name': 'Auths', 'app_label': 'auths', 'models': [{'name': <django.utils.functional.lazy.<locals>.__proxy__ object at 0x04B91070>, 'perms': {'add': True, 'change': True, 'delete': True}, 'add_url': '/admin/auths/hierarchytype/add/', 'admin_url': '/admin/auths/hierarchytype/', 'object_name': 'HierarchyType'}, {'name': <django.utils.functional.lazy.<locals>.__proxy__ object at 0x04B91150>, 'perms': {'add': True, 'change': True, 'delete': True}, 'add_url': '/admin/auths/hierarchy/add/', 'admin_url': '/admin/auths/hierarchy/', 'object_name': 'Hierarchy'}, {'name': <django.utils.functional.lazy.<locals>.__proxy__ object at 0x04F634D0>, 'perms': {'add': True, 'change': True, 'delete': True}, 'add_url': '/admin/auths/menu/add/', 'admin_url': '/admin/auths/menu/', 'object_name': 'Menu'}, {'name': <django.utils.functional.lazy.<locals>.__proxy__ object at 0x04B912D0>, 'perms': {'add': True, 'change': True, 'delete': True}, 'add_url': '/admin/auths/person/add/', 'admin_url': '/admin/auths/person/', 'object_name': 'Person'}, {'name': <django.utils.functional.lazy.<locals>.__proxy__ object at 0x04F0DFD0>, 'perms': {'add': True, 'change': True, 'delete': True}, 'add_url': '/admin/auths/userhierarchygroup/add/', 'admin_url': '/admin/auths/userhierarchygroup/', 'object_name': 'UserHierarchyGroup'}, {'name': <django.utils.functional.lazy.<locals>.__proxy__ object at 0x04F634B0>, 'perms': {'add': True, 'change': True, 'delete': True}, 'add_url': '/admin/auths/userhierarchypermission/add/', 'admin_url': '/admin/auths/userhierarchypermission/', 'object_name': 'UserHierarchyPermission'}, {'name': <django.utils.functional.lazy.<locals>.__proxy__ object at 0x04B91110>, 'perms': {'add': True, 'change': True, 'delete': True}, 'add_url': '/admin/auths/user/add/', 'admin_url': '/admin/auths/user/', 'object_name': 'User'}], 'has_module_perms': True, 'app_url': '/admin/auths/'}, {'name': 'Catalogo', 'app_label': 'catalogo', 'models': [{'name': 'Autores', 'perms': {'add': True, 'change': True, 'delete': True}, 'add_url': '/admin/catalogo/autor/add/', 'admin_url': '/admin/catalogo/autor/', 'object_name': 'Autor'}, {'name': 'Categorias', 'perms': {'add': True, 'change': True, 'delete': True}, 'add_url': '/admin/catalogo/categoria/add/', 'admin_url': '/admin/catalogo/categoria/', 'object_name': 'Categoria'}, {'name': 'Libros', 'perms': {'add': True, 'change': True, 'delete': True}, 'add_url': '/admin/catalogo/libro/add/', 'admin_url': '/admin/catalogo/libro/', 'object_name': 'Libro'}], 'has_module_perms': True, 'app_url': '/admin/catalogo/'}, {'name': <django.utils.functional.lazy.<locals>.__proxy__ object at 0x04226430>, 'app_label': 'contenttypes', 'models': [{'name': <django.utils.functional.lazy.<locals>.__proxy__ object at 0x04F0DF90>, 'perms': {'add': True, 'change': True, 'delete': True}, 'add_url': '/admin/contenttypes/contenttype/add/', 'admin_url': '/admin/contenttypes/contenttype/', 'object_name': 'ContentType'}], 'has_module_perms': True, 'app_url': '/admin/contenttypes/'}, {'name': 'Django OAuth Toolkit', 'app_label': 'oauth2_provider', 'models': [{'name': <django.utils.functional.lazy.<locals>.__proxy__ object at 0x04F63370>, 'perms': {'add': True, 'change': True, 'delete': True}, 'add_url': '/admin/oauth2_provider/accesstoken/add/', 'admin_url': '/admin/oauth2_provider/accesstoken/', 'object_name': 'AccessToken'}, {'name': <django.utils.functional.lazy.<locals>.__proxy__ object at 0x04F63690>, 'perms': {'add': True, 'change': True, 'delete': True}, 'add_url': '/admin/oauth2_provider/application/add/', 'admin_url': '/admin/oauth2_provider/application/', 'object_name': 'Application'}, {'name': <django.utils.functional.lazy.<locals>.__proxy__ object at 0x04B911D0>, 'perms': {'add': True, 'change': True, 'delete': True}, 'add_url': '/admin/oauth2_provider/grant/add/', 'admin_url': '/admin/oauth2_provider/grant/', 'object_name': 'Grant'}, {'name': <django.utils.functional.lazy.<locals>.__proxy__ object at 0x04B91210>, 'perms': {'add': True, 'change': True, 'delete': True}, 'add_url': '/admin/oauth2_provider/refreshtoken/add/', 'admin_url': '/admin/oauth2_provider/refreshtoken/', 'object_name': 'RefreshToken'}], 'has_module_perms': True, 'app_url': '/admin/oauth2_provider/'}], 'site_url': '/', 'LANGUAGE_CODE': 'en-us', 'LANGUAGE_BIDI': False, 'title': <django.utils.functional.lazy.<locals>.__proxy__ object at 0x0420DAD0>, 'has_permission': True, 'site_title': <django.utils.functional.lazy.<locals>.__proxy__ object at 0x0420DA10>, 'site_header': <django.utils.functional.lazy.<locals>.__proxy__ object at 0x0420DA70>}]"
[2016-12-01 13:12:37] DEBUG [django.db.backends:90] (0.014) SELECT "django_admin_log"."id", "django_admin_log"."action_time", "django_admin_log"."user_id", "django_admin_log"."content_type_id", "django_admin_log"."object_id", "django_admin_log"."object_repr", "django_admin_log"."action_flag", "django_admin_log"."change_message", "auths_user"."password", "auths_user"."last_login", "auths_user"."is_superuser", "auths_user"."username", "auths_user"."first_name", "auths_user"."last_name", "auths_user"."email", "auths_user"."is_staff", "auths_user"."is_active", "auths_user"."date_joined", "auths_user"."id", "auths_user"."last_hierarchy_id", "auths_user"."last_module_id", "auths_user"."person_id", "auths_user"."updated_at", "auths_user"."registered_by", "django_content_type"."id", "django_content_type"."app_label", "django_content_type"."model" FROM "django_admin_log" INNER JOIN "auths_user" ON ("django_admin_log"."user_id" = "auths_user"."id") LEFT OUTER JOIN "django_content_type" ON ("django_admin_log"."content_type_id" = "django_content_type"."id") WHERE "django_admin_log"."user_id" = 'f008d68e00524d18aa9ed8ca28530969' ORDER BY "django_admin_log"."action_time" DESC LIMIT 10; args=('f008d68e00524d18aa9ed8ca28530969',)
[2016-12-01 13:12:37] INFO [django.server:131] "GET /admin/ HTTP/1.1" 200 10333
[2016-12-01 13:12:37] INFO [django.server:131] "GET /static/admin/css/base.css HTTP/1.1" 200 15937
[2016-12-01 13:12:37] INFO [django.server:131] "GET /static/admin/css/dashboard.css HTTP/1.1" 200 434
[2016-12-01 13:12:37] INFO [django.server:131] "GET /static/admin/css/fonts.css HTTP/1.1" 200 423
[2016-12-01 13:12:37] INFO [django.server:131] "GET /static/admin/img/icon-addlink.svg HTTP/1.1" 200 331
[2016-12-01 13:12:37] INFO [django.server:131] "GET /static/admin/img/icon-changelink.svg HTTP/1.1" 200 380
[2016-12-01 13:13:03] DEBUG [django.db.backends:90] (0.001) SELECT "oauth2_provider_application"."id", "oauth2_provider_application"."client_id", "oauth2_provider_application"."user_id", "oauth2_provider_application"."redirect_uris", "oauth2_provider_application"."client_type", "oauth2_provider_application"."authorization_grant_type", "oauth2_provider_application"."client_secret", "oauth2_provider_application"."name", "oauth2_provider_application"."skip_authorization" FROM "oauth2_provider_application" WHERE "oauth2_provider_application"."client_id" = 'UMsRRWv7OTz0O26Z7OjRE7NvzxYWtNBGVDXGs4d4'; args=('UMsRRWv7OTz0O26Z7OjRE7NvzxYWtNBGVDXGs4d4',)
[2016-12-01 13:13:03] DEBUG [django.db.backends:90] (0.000) SELECT "auths_user"."password", "auths_user"."last_login", "auths_user"."is_superuser", "auths_user"."username", "auths_user"."first_name", "auths_user"."last_name", "auths_user"."email", "auths_user"."is_staff", "auths_user"."is_active", "auths_user"."date_joined", "auths_user"."id", "auths_user"."last_hierarchy_id", "auths_user"."last_module_id", "auths_user"."person_id", "auths_user"."updated_at", "auths_user"."registered_by" FROM "auths_user" WHERE "auths_user"."username" = 'admin'; args=('admin',)
[2016-12-01 13:13:03] DEBUG [django.db.backends:90] (0.000) BEGIN; args=None
[2016-12-01 13:13:03] DEBUG [django.db.backends:90] (0.001) INSERT INTO "oauth2_provider_accesstoken" ("user_id", "token", "application_id", "expires", "scope") VALUES ('f008d68e00524d18aa9ed8ca28530969', 'ofsCVkoMrDCGCGoObYioXfMKG6OVPN', 1, '2016-12-02 05:13:03.122375', 'write read'); args=['f008d68e00524d18aa9ed8ca28530969', 'ofsCVkoMrDCGCGoObYioXfMKG6OVPN', 1, '2016-12-02 05:13:03.122375', 'write read']
[2016-12-01 13:13:03] DEBUG [django.db.backends:90] (0.000) BEGIN; args=None
[2016-12-01 13:13:03] DEBUG [django.db.backends:90] (0.001) INSERT INTO "oauth2_provider_refreshtoken" ("user_id", "token", "application_id", "access_token_id") VALUES ('f008d68e00524d18aa9ed8ca28530969', 'oYQttoFwljHN1iCZEKTEz0yhKU2thu', 1, 11); args=['f008d68e00524d18aa9ed8ca28530969', 'oYQttoFwljHN1iCZEKTEz0yhKU2thu', 1, 11]
[2016-12-01 13:13:03] INFO [django.server:131] "POST /o/token/ HTTP/1.1" 200 169
[2016-12-01 13:13:03] INFO [django.server:131] "OPTIONS /api/auths/localuserinfo/ HTTP/1.1" 200 0
[2016-12-01 13:13:03] DEBUG [django.db.backends:90] (0.002) SELECT "oauth2_provider_accesstoken"."id", "oauth2_provider_accesstoken"."user_id", "oauth2_provider_accesstoken"."token", "oauth2_provider_accesstoken"."application_id", "oauth2_provider_accesstoken"."expires", "oauth2_provider_accesstoken"."scope", "auths_user"."password", "auths_user"."last_login", "auths_user"."is_superuser", "auths_user"."username", "auths_user"."first_name", "auths_user"."last_name", "auths_user"."email", "auths_user"."is_staff", "auths_user"."is_active", "auths_user"."date_joined", "auths_user"."id", "auths_user"."last_hierarchy_id", "auths_user"."last_module_id", "auths_user"."person_id", "auths_user"."updated_at", "auths_user"."registered_by", "oauth2_provider_application"."id", "oauth2_provider_application"."client_id", "oauth2_provider_application"."user_id", "oauth2_provider_application"."redirect_uris", "oauth2_provider_application"."client_type", "oauth2_provider_application"."authorization_grant_type", "oauth2_provider_application"."client_secret", "oauth2_provider_application"."name", "oauth2_provider_application"."skip_authorization" FROM "oauth2_provider_accesstoken" LEFT OUTER JOIN "auths_user" ON ("oauth2_provider_accesstoken"."user_id" = "auths_user"."id") INNER JOIN "oauth2_provider_application" ON ("oauth2_provider_accesstoken"."application_id" = "oauth2_provider_application"."id") WHERE "oauth2_provider_accesstoken"."token" = 'ofsCVkoMrDCGCGoObYioXfMKG6OVPN'; args=('ofsCVkoMrDCGCGoObYioXfMKG6OVPN',)
[2016-12-01 13:13:03] DEBUG [django.db.backends:90] (0.002) SELECT "auths_menu"."id" FROM "auths_menu" WHERE ("auths_menu"."id" IS NOT NULL AND "auths_menu"."is_active" = 1 AND "auths_menu"."module" = 'BACKEND') ORDER BY "auths_menu"."pos" ASC; args=(True, 'BACKEND')
[2016-12-01 13:13:03] DEBUG [django.db.backends:90] (0.003) SELECT "oauth2_provider_accesstoken"."id", "oauth2_provider_accesstoken"."user_id", "oauth2_provider_accesstoken"."token", "oauth2_provider_accesstoken"."application_id", "oauth2_provider_accesstoken"."expires", "oauth2_provider_accesstoken"."scope", "auths_user"."password", "auths_user"."last_login", "auths_user"."is_superuser", "auths_user"."username", "auths_user"."first_name", "auths_user"."last_name", "auths_user"."email", "auths_user"."is_staff", "auths_user"."is_active", "auths_user"."date_joined", "auths_user"."id", "auths_user"."last_hierarchy_id", "auths_user"."last_module_id", "auths_user"."person_id", "auths_user"."updated_at", "auths_user"."registered_by", "oauth2_provider_application"."id", "oauth2_provider_application"."client_id", "oauth2_provider_application"."user_id", "oauth2_provider_application"."redirect_uris", "oauth2_provider_application"."client_type", "oauth2_provider_application"."authorization_grant_type", "oauth2_provider_application"."client_secret", "oauth2_provider_application"."name", "oauth2_provider_application"."skip_authorization" FROM "oauth2_provider_accesstoken" LEFT OUTER JOIN "auths_user" ON ("oauth2_provider_accesstoken"."user_id" = "auths_user"."id") INNER JOIN "oauth2_provider_application" ON ("oauth2_provider_accesstoken"."application_id" = "oauth2_provider_application"."id") WHERE "oauth2_provider_accesstoken"."token" = 'ofsCVkoMrDCGCGoObYioXfMKG6OVPN'; args=('ofsCVkoMrDCGCGoObYioXfMKG6OVPN',)
[2016-12-01 13:13:03] DEBUG [django.db.backends:90] (0.001) SELECT (1) AS "a" FROM "django_session" WHERE "django_session"."session_key" = '0gc8x2bs7y75ii2zl5hoks59tkgqzy77' LIMIT 1; args=('0gc8x2bs7y75ii2zl5hoks59tkgqzy77',)
[2016-12-01 13:13:03] DEBUG [django.db.backends:90] (0.000) BEGIN; args=None
[2016-12-01 13:13:03] DEBUG [django.db.backends:90] (0.002) INSERT INTO "django_session" ("session_key", "session_data", "expire_date") SELECT '0gc8x2bs7y75ii2zl5hoks59tkgqzy77', 'NmE3M2Q3NmYwOTU3YjJmZDBjYmQxYTVjODc5MTExNzM3NjY1YzYzNzp7Il9zZXNzaW9uX2V4cGlyeSI6MzB9', '2016-12-01 19:13:33.793743'; args=('0gc8x2bs7y75ii2zl5hoks59tkgqzy77', 'NmE3M2Q3NmYwOTU3YjJmZDBjYmQxYTVjODc5MTExNzM3NjY1YzYzNzp7Il9zZXNzaW9uX2V4cGlyeSI6MzB9', '2016-12-01 19:13:33.793743')
[2016-12-01 13:13:04] INFO [django.server:131] "GET /api/auths/usermenu/ HTTP/1.1" 200 11
[2016-12-01 13:13:04] DEBUG [django.db.backends:90] (0.271) SELECT "auth_group"."id", "auth_group"."name" FROM "auth_group" INNER JOIN "auths_user_groups" ON ("auth_group"."id" = "auths_user_groups"."group_id") WHERE "auths_user_groups"."user_id" = 'f008d68e00524d18aa9ed8ca28530969'; args=('f008d68e00524d18aa9ed8ca28530969',)
[2016-12-01 13:13:04] DEBUG [django.db.backends:90] (0.000) SELECT "auth_permission"."id", "auth_permission"."name", "auth_permission"."content_type_id", "auth_permission"."codename" FROM "auth_permission" INNER JOIN "auths_user_user_permissions" ON ("auth_permission"."id" = "auths_user_user_permissions"."permission_id") INNER JOIN "django_content_type" ON ("auth_permission"."content_type_id" = "django_content_type"."id") WHERE "auths_user_user_permissions"."user_id" = 'f008d68e00524d18aa9ed8ca28530969' ORDER BY "django_content_type"."app_label" ASC, "django_content_type"."model" ASC, "auth_permission"."codename" ASC; args=('f008d68e00524d18aa9ed8ca28530969',)
[2016-12-01 13:13:04] INFO [django.server:131] "GET /api/auths/localuserinfo/ HTTP/1.1" 200 496
[2016-12-01 13:13:20] INFO [django.server:131] "OPTIONS /api/catalogo/motor/ HTTP/1.1" 200 0
[2016-12-01 13:13:20] DEBUG [django.db.backends:90] (0.001) SELECT "oauth2_provider_accesstoken"."id", "oauth2_provider_accesstoken"."user_id", "oauth2_provider_accesstoken"."token", "oauth2_provider_accesstoken"."application_id", "oauth2_provider_accesstoken"."expires", "oauth2_provider_accesstoken"."scope", "auths_user"."password", "auths_user"."last_login", "auths_user"."is_superuser", "auths_user"."username", "auths_user"."first_name", "auths_user"."last_name", "auths_user"."email", "auths_user"."is_staff", "auths_user"."is_active", "auths_user"."date_joined", "auths_user"."id", "auths_user"."last_hierarchy_id", "auths_user"."last_module_id", "auths_user"."person_id", "auths_user"."updated_at", "auths_user"."registered_by", "oauth2_provider_application"."id", "oauth2_provider_application"."client_id", "oauth2_provider_application"."user_id", "oauth2_provider_application"."redirect_uris", "oauth2_provider_application"."client_type", "oauth2_provider_application"."authorization_grant_type", "oauth2_provider_application"."client_secret", "oauth2_provider_application"."name", "oauth2_provider_application"."skip_authorization" FROM "oauth2_provider_accesstoken" LEFT OUTER JOIN "auths_user" ON ("oauth2_provider_accesstoken"."user_id" = "auths_user"."id") INNER JOIN "oauth2_provider_application" ON ("oauth2_provider_accesstoken"."application_id" = "oauth2_provider_application"."id") WHERE "oauth2_provider_accesstoken"."token" = 'ofsCVkoMrDCGCGoObYioXfMKG6OVPN'; args=('ofsCVkoMrDCGCGoObYioXfMKG6OVPN',)
[2016-12-01 13:13:20] DEBUG [django.db.backends:90] (0.000) SELECT "catalogo_motor"."id", "catalogo_motor"."serie", "catalogo_motor"."tipoMotor", "catalogo_motor"."marca", "catalogo_motor"."descripcion" FROM "catalogo_motor"; args=()
[2016-12-01 13:13:20] INFO [django.server:131] "GET /api/catalogo/motor/ HTTP/1.1" 200 247
[2016-12-01 13:13:22] INFO [django.server:131] "OPTIONS /api/catalogo/moto/ HTTP/1.1" 200 0
[2016-12-01 13:13:22] DEBUG [django.db.backends:90] (0.001) SELECT "oauth2_provider_accesstoken"."id", "oauth2_provider_accesstoken"."user_id", "oauth2_provider_accesstoken"."token", "oauth2_provider_accesstoken"."application_id", "oauth2_provider_accesstoken"."expires", "oauth2_provider_accesstoken"."scope", "auths_user"."password", "auths_user"."last_login", "auths_user"."is_superuser", "auths_user"."username", "auths_user"."first_name", "auths_user"."last_name", "auths_user"."email", "auths_user"."is_staff", "auths_user"."is_active", "auths_user"."date_joined", "auths_user"."id", "auths_user"."last_hierarchy_id", "auths_user"."last_module_id", "auths_user"."person_id", "auths_user"."updated_at", "auths_user"."registered_by", "oauth2_provider_application"."id", "oauth2_provider_application"."client_id", "oauth2_provider_application"."user_id", "oauth2_provider_application"."redirect_uris", "oauth2_provider_application"."client_type", "oauth2_provider_application"."authorization_grant_type", "oauth2_provider_application"."client_secret", "oauth2_provider_application"."name", "oauth2_provider_application"."skip_authorization" FROM "oauth2_provider_accesstoken" LEFT OUTER JOIN "auths_user" ON ("oauth2_provider_accesstoken"."user_id" = "auths_user"."id") INNER JOIN "oauth2_provider_application" ON ("oauth2_provider_accesstoken"."application_id" = "oauth2_provider_application"."id") WHERE "oauth2_provider_accesstoken"."token" = 'ofsCVkoMrDCGCGoObYioXfMKG6OVPN'; args=('ofsCVkoMrDCGCGoObYioXfMKG6OVPN',)
[2016-12-01 13:13:22] DEBUG [django.db.backends:90] (0.000) SELECT "catalogo_moto"."id", "catalogo_moto"."nombre", "catalogo_moto"."tipo", "catalogo_moto"."motor", "catalogo_moto"."descripcion" FROM "catalogo_moto"; args=()
[2016-12-01 13:13:22] INFO [django.server:131] "GET /api/catalogo/moto/ HTTP/1.1" 200 478
[2016-12-01 13:13:23] INFO [django.server:131] "OPTIONS /api/catalogo/repuesto/ HTTP/1.1" 200 0
[2016-12-01 13:13:24] DEBUG [django.db.backends:90] (0.003) SELECT "oauth2_provider_accesstoken"."id", "oauth2_provider_accesstoken"."user_id", "oauth2_provider_accesstoken"."token", "oauth2_provider_accesstoken"."application_id", "oauth2_provider_accesstoken"."expires", "oauth2_provider_accesstoken"."scope", "auths_user"."password", "auths_user"."last_login", "auths_user"."is_superuser", "auths_user"."username", "auths_user"."first_name", "auths_user"."last_name", "auths_user"."email", "auths_user"."is_staff", "auths_user"."is_active", "auths_user"."date_joined", "auths_user"."id", "auths_user"."last_hierarchy_id", "auths_user"."last_module_id", "auths_user"."person_id", "auths_user"."updated_at", "auths_user"."registered_by", "oauth2_provider_application"."id", "oauth2_provider_application"."client_id", "oauth2_provider_application"."user_id", "oauth2_provider_application"."redirect_uris", "oauth2_provider_application"."client_type", "oauth2_provider_application"."authorization_grant_type", "oauth2_provider_application"."client_secret", "oauth2_provider_application"."name", "oauth2_provider_application"."skip_authorization" FROM "oauth2_provider_accesstoken" LEFT OUTER JOIN "auths_user" ON ("oauth2_provider_accesstoken"."user_id" = "auths_user"."id") INNER JOIN "oauth2_provider_application" ON ("oauth2_provider_accesstoken"."application_id" = "oauth2_provider_application"."id") WHERE "oauth2_provider_accesstoken"."token" = 'ofsCVkoMrDCGCGoObYioXfMKG6OVPN'; args=('ofsCVkoMrDCGCGoObYioXfMKG6OVPN',)
[2016-12-01 13:13:24] DEBUG [django.db.backends:90] (0.000) SELECT "catalogo_repuesto"."id", "catalogo_repuesto"."nombre", "catalogo_repuesto"."codigo", "catalogo_repuesto"."descripcion" FROM "catalogo_repuesto"; args=()
[2016-12-01 13:13:24] INFO [django.server:131] "GET /api/catalogo/repuesto/ HTTP/1.1" 200 118
[2016-12-01 13:13:26] INFO [django.server:131] "OPTIONS /api/catalogo/autors/ HTTP/1.1" 200 0
[2016-12-01 13:13:26] DEBUG [django.db.backends:90] (0.001) SELECT "oauth2_provider_accesstoken"."id", "oauth2_provider_accesstoken"."user_id", "oauth2_provider_accesstoken"."token", "oauth2_provider_accesstoken"."application_id", "oauth2_provider_accesstoken"."expires", "oauth2_provider_accesstoken"."scope", "auths_user"."password", "auths_user"."last_login", "auths_user"."is_superuser", "auths_user"."username", "auths_user"."first_name", "auths_user"."last_name", "auths_user"."email", "auths_user"."is_staff", "auths_user"."is_active", "auths_user"."date_joined", "auths_user"."id", "auths_user"."last_hierarchy_id", "auths_user"."last_module_id", "auths_user"."person_id", "auths_user"."updated_at", "auths_user"."registered_by", "oauth2_provider_application"."id", "oauth2_provider_application"."client_id", "oauth2_provider_application"."user_id", "oauth2_provider_application"."redirect_uris", "oauth2_provider_application"."client_type", "oauth2_provider_application"."authorization_grant_type", "oauth2_provider_application"."client_secret", "oauth2_provider_application"."name", "oauth2_provider_application"."skip_authorization" FROM "oauth2_provider_accesstoken" LEFT OUTER JOIN "auths_user" ON ("oauth2_provider_accesstoken"."user_id" = "auths_user"."id") INNER JOIN "oauth2_provider_application" ON ("oauth2_provider_accesstoken"."application_id" = "oauth2_provider_application"."id") WHERE "oauth2_provider_accesstoken"."token" = 'ofsCVkoMrDCGCGoObYioXfMKG6OVPN'; args=('ofsCVkoMrDCGCGoObYioXfMKG6OVPN',)
[2016-12-01 13:13:26] DEBUG [django.db.backends:90] (0.028) SELECT COUNT(*) AS "__count" FROM "catalogo_autor"; args=()
[2016-12-01 13:13:26] DEBUG [django.db.backends:90] (0.000) SELECT "catalogo_autor"."id", "catalogo_autor"."nombre", "catalogo_autor"."direccion", "catalogo_autor"."fecha_nac", "catalogo_autor"."created_at", "catalogo_autor"."updated_at" FROM "catalogo_autor" LIMIT 1; args=()
[2016-12-01 13:13:26] INFO [django.server:131] "GET /api/catalogo/autors/ HTTP/1.1" 200 320
